#
# A fatal error has been detected by the Java Runtime Environment:
#
#  EXCEPTION_ACCESS_VIOLATION (0xc0000005) at pc=0x0000000003471390, pid=44908, tid=0x000000000000b5fc
#
# JRE version: OpenJDK Runtime Environment (8.0_152-b01) (build 1.8.0_152-release-1343-b01)
# Java VM: OpenJDK 64-Bit Server VM (25.152-b01 mixed mode windows-amd64 compressed oops)
# Problematic frame:
# J 26202 C2 com.android.tools.r8.graph.DexItemFactory$$Lambda$705.compare(Ljava/lang/Object;Ljava/lang/Object;)I (16 bytes) @ 0x0000000003471390 [0x0000000003471360+0x30]
#
# Failed to write core dump. Minidumps are not enabled by default on client versions of Windows
#
# If you would like to submit a bug report, please visit:
#   http://bugreport.java.com/bugreport/crash.jsp
#

---------------  T H R E A D  ---------------

Current thread (0x000000001cc89800):  JavaThread "ForkJoinPool-64-worker-0" daemon [_thread_in_Java, id=46588, stack(0x000000002d5f0000,0x000000002d6f0000)]

siginfo: ExceptionCode=0xc0000005, reading address 0x0000000070e87990

Registers:
RAX=0x0000000100012da0, RBX=0x0000000026ac9370, RCX=0xffffffffffffffff, RDX=0x00000000f1354fe0
RSP=0x000000002d6ee9f0, RBP=0x00000000f132abb0, RSI=0x0000000100afa790, RDI=0x0000000100000ea8
R8 =0x0000000070e87988, R9 =0x00000000f11a8268, R10=0x00000000f1343528, R11=0x0000000000000228
R12=0x0000000000000000, R13=0x0000000000000690, R14=0x0000000100011098, R15=0x000000001cc89800
RIP=0x0000000003471390, EFLAGS=0x0000000000010206

Top of Stack: (sp=0x000000002d6ee9f0)
0x000000002d6ee9f0:   0000000000000078 00000000512fe535
0x000000002d6eea00:   000000002d6eea70 000000001cc89800
0x000000002d6eea10:   00000000f132abb0 00000000058a5304
0x000000002d6eea20:   0000000051770c38 0000000002a5cec6
0x000000002d6eea30:   0000000000000000 0000000008a90700
0x000000002d6eea40:   00000e97000006ad 0000000000000e96
0x000000002d6eea50:   0000000000000e95 0000000100000ea8
0x000000002d6eea60:   0000069000000e97 0000000000000e97
0x000000002d6eea70:   0000001e00000807 0000069000000691
0x000000002d6eea80:   000006ad000006ae 0000069e70e87988
0x000000002d6eea90:   00000000f1351570 00000000f1354fe0
0x000000002d6eeaa0:   00000000f1354ff0 0000000070e87988
0x000000002d6eeab0:   000000000000001e 000000000452d8a8
0x000000002d6eeac0:   000000007fffe000 00000000f1351548
0x000000002d6eead0:   0000000000000e97 0000000003f1b97c
0x000000002d6eeae0:   0000000000000690 00000000f1351558 

Instructions: (pc=0x0000000003471390)
0x0000000003471370:   ff 66 66 90 0f 1f 84 00 00 00 00 00 66 66 66 90
0x0000000003471380:   89 84 24 00 a0 ff ff 55 48 83 ec 20 44 8b 52 0c
0x0000000003471390:   45 8b 58 08 48 be 00 00 00 00 00 00 00 00 4a 8d
0x00000000034713a0:   34 de 4c 8b 5e 18 48 b8 00 7f af 00 01 00 00 00 


Register to memory mapping:

RAX=0x0000000100012da0 is pointing into metadata
RBX={method} {0x0000000026ac9378} 'compare' '(Ljava/lang/Object;Ljava/lang/Object;)I' in 'com/android/tools/r8/graph/DexItemFactory$$Lambda$705'
RCX=0xffffffffffffffff is an unknown value
RDX=0x00000000f1354fe0 is an oop
com.android.tools.r8.graph.DexItemFactory$$Lambda$705/759905873 
 - klass: 'com/android/tools/r8/graph/DexItemFactory$$Lambda$705'
RSP=0x000000002d6ee9f0 is pointing into the stack for thread: 0x000000001cc89800
RBP=0x00000000f132abb0 is an oop
com.android.tools.r8.graph.DexField 
 - klass: 'com/android/tools/r8/graph/DexField'
RSI=0x0000000100afa790 is pointing into metadata
RDI=0x0000000100000ea8 is pointing into metadata
R8 =0x0000000070e87988 is an unknown value
R9 =0x00000000f11a8268 is an oop
com.android.tools.r8.graph.DexField 
 - klass: 'com/android/tools/r8/graph/DexField'
R10=0x00000000f1343528 is an oop
com.android.tools.r8.naming.NamingLens$IdentityLens 
 - klass: 'com/android/tools/r8/naming/NamingLens$IdentityLens'
R11=0x0000000000000228 is an unknown value
R12=0x0000000000000000 is an unknown value
R13=0x0000000000000690 is an unknown value
R14=0x0000000100011098 is pointing into metadata
R15=0x000000001cc89800 is a thread


Stack: [0x000000002d5f0000,0x000000002d6f0000],  sp=0x000000002d6ee9f0,  free space=1018k
Native frames: (J=compiled Java code, j=interpreted, Vv=VM code, C=native code)
C  0x0000000003471390


---------------  P R O C E S S  ---------------

Java Threads: ( => current thread )
  0x000000001d3e8800 JavaThread "ForkJoinPool-64-worker-12" daemon [_thread_in_vm, id=36856, stack(0x000000002dcf0000,0x000000002ddf0000)]
  0x000000001d3ee800 JavaThread "ForkJoinPool-64-worker-10" daemon [_thread_in_vm, id=52980, stack(0x000000002dbf0000,0x000000002dcf0000)]
  0x000000001d3e0800 JavaThread "ForkJoinPool-64-worker-11" daemon [_thread_blocked, id=56072, stack(0x000000002daf0000,0x000000002dbf0000)]
  0x000000001d3e6800 JavaThread "ForkJoinPool-64-worker-5" daemon [_thread_blocked, id=32620, stack(0x000000002d9f0000,0x000000002daf0000)]
  0x000000001cc93000 JavaThread "ForkJoinPool-64-worker-7" daemon [_thread_in_vm, id=37256, stack(0x000000002d8f0000,0x000000002d9f0000)]
  0x000000001cc88800 JavaThread "ForkJoinPool-64-worker-6" daemon [_thread_blocked, id=6056, stack(0x000000002d7f0000,0x000000002d8f0000)]
  0x000000001cc88000 JavaThread "ForkJoinPool-64-worker-4" daemon [_thread_blocked, id=11564, stack(0x000000002d6f0000,0x000000002d7f0000)]
=>0x000000001cc89800 JavaThread "ForkJoinPool-64-worker-0" daemon [_thread_in_Java, id=46588, stack(0x000000002d5f0000,0x000000002d6f0000)]
  0x000000001cc8b000 JavaThread "ForkJoinPool-64-worker-3" daemon [_thread_blocked, id=25344, stack(0x000000002d4f0000,0x000000002d5f0000)]
  0x000000001cc8a000 JavaThread "ForkJoinPool-64-worker-2" daemon [_thread_blocked, id=11776, stack(0x000000002d3f0000,0x000000002d4f0000)]
  0x000000001cc8b800 JavaThread "ForkJoinPool-64-worker-1" daemon [_thread_blocked, id=12140, stack(0x000000002d2f0000,0x000000002d3f0000)]
  0x000000001b548000 JavaThread "ForkJoinPool.commonPool-worker-1" daemon [_thread_blocked, id=19808, stack(0x000000002c830000,0x000000002c930000)]
  0x000000001b53f800 JavaThread "ForkJoinPool.commonPool-worker-0" daemon [_thread_blocked, id=9980, stack(0x000000002c730000,0x000000002c830000)]
  0x000000001b541000 JavaThread "ForkJoinPool.commonPool-worker-3" daemon [_thread_blocked, id=9528, stack(0x0000000027f00000,0x0000000028000000)]
  0x000000001b545800 JavaThread "Cache worker for Java compile cache (E:\Practice\Android\Fundamental\.gradle\5.1.1\javaCompile)" [_thread_blocked, id=2864, stack(0x000000002be30000,0x000000002bf30000)]
  0x000000001b544000 JavaThread "stdout" [_thread_in_native, id=872, stack(0x000000002bd30000,0x000000002be30000)]
  0x000000001b53b800 JavaThread "stderr" [_thread_in_native, id=21172, stack(0x000000002ac10000,0x000000002ad10000)]
  0x000000001b540800 JavaThread "pool-134-thread-1" [_thread_blocked, id=49560, stack(0x000000002ab10000,0x000000002ac10000)]
  0x000000001b53f000 JavaThread "Cache worker for execution history cache (E:\Practice\Android\Fundamental\.gradle\5.1.1\executionHistory)" [_thread_blocked, id=13092, stack(0x0000000027e00000,0x0000000027f00000)]
  0x0000000028652800 JavaThread "Execution worker for ':' Thread 3" [_thread_blocked, id=7008, stack(0x0000000027d00000,0x0000000027e00000)]
  0x0000000028651800 JavaThread "Execution worker for ':' Thread 2" [_thread_blocked, id=5072, stack(0x00000000276f0000,0x00000000277f0000)]
  0x0000000028655800 JavaThread "Execution worker for ':'" [_thread_blocked, id=6656, stack(0x00000000272c0000,0x00000000273c0000)]
  0x000000002864e000 JavaThread "Cache worker for file content cache (E:\Practice\Android\Fundamental\.gradle\5.1.1\fileContent)" [_thread_blocked, id=32804, stack(0x00000000270b0000,0x00000000271b0000)]
  0x0000000028651000 JavaThread "Cache worker for Build Output Cleanup Cache (E:\Practice\Android\Fundamental\.gradle\buildOutputCleanup)" [_thread_blocked, id=11796, stack(0x0000000026fb0000,0x00000000270b0000)]
  0x0000000028650000 JavaThread "Build operations Thread 4" [_thread_blocked, id=60916, stack(0x0000000024c40000,0x0000000024d40000)]
  0x0000000028654000 JavaThread "Build operations Thread 3" [_thread_blocked, id=58836, stack(0x0000000024640000,0x0000000024740000)]
  0x0000000028653000 JavaThread "Build operations Thread 2" [_thread_blocked, id=61740, stack(0x0000000023b40000,0x0000000023c40000)]
  0x000000002864e800 JavaThread "Build operations" [_thread_blocked, id=48532, stack(0x0000000023a40000,0x0000000023b40000)]
  0x000000002864c800 JavaThread "Cache worker for cache directory md-rule (C:\Users\Almas\.gradle\caches\5.1.1\md-rule)" [_thread_blocked, id=12172, stack(0x000000001fc50000,0x000000001fd50000)]
  0x000000002864a000 JavaThread "Cache worker for cache directory md-supplier (C:\Users\Almas\.gradle\caches\5.1.1\md-supplier)" [_thread_blocked, id=35892, stack(0x000000001e2b0000,0x000000001e3b0000)]
  0x0000000028648800 JavaThread "Cache worker for file hash cache (E:\Practice\Android\Fundamental\.gradle\5.1.1\fileHashes)" [_thread_blocked, id=22648, stack(0x000000001d140000,0x000000001d240000)]
  0x000000002864b000 JavaThread "Thread-684" [_thread_blocked, id=49408, stack(0x000000001a9a0000,0x000000001aaa0000)]
  0x000000002864f800 JavaThread "Stdin handler" [_thread_blocked, id=61732, stack(0x000000001a6a0000,0x000000001a7a0000)]
  0x0000000028646800 JavaThread "Asynchronous log dispatcher for DefaultDaemonConnection: socket connection from /127.0.0.1:64466 to /127.0.0.1:59072" [_thread_blocked, id=11668, stack(0x000000001a2a0000,0x000000001a3a0000)]
  0x000000002864d000 JavaThread "Daemon worker Thread 30" [_thread_blocked, id=13204, stack(0x000000001a1a0000,0x000000001a2a0000)]
  0x0000000028648000 JavaThread "Cancel handler" [_thread_blocked, id=26124, stack(0x0000000000c60000,0x0000000000d60000)]
  0x0000000028647000 JavaThread "Handler for socket connection from /127.0.0.1:64466 to /127.0.0.1:59072" [_thread_in_native, id=35308, stack(0x0000000000b60000,0x0000000000c60000)]
  0x0000000028649800 JavaThread "Daemon Thread 30" [_thread_blocked, id=30996, stack(0x0000000000a60000,0x0000000000b60000)]
  0x000000001cc8f800 JavaThread "MarlinRenderer Disposer" daemon [_thread_blocked, id=29204, stack(0x00000000275b0000,0x00000000276b0000)]
  0x000000001cc8e800 JavaThread "Java2D Disposer" daemon [_thread_blocked, id=53320, stack(0x00000000274b0000,0x00000000275b0000)]
  0x000000001d3e4000 JavaThread "Cache worker for Java compile cache (C:\Users\Almas\.gradle\caches\5.1.1\javaCompile)" [_thread_blocked, id=24892, stack(0x000000001a5a0000,0x000000001a6a0000)]
  0x0000000019479800 JavaThread "Cache worker for file content cache (C:\Users\Almas\.gradle\caches\5.1.1\fileContent)" [_thread_blocked, id=23712, stack(0x0000000020850000,0x0000000020950000)]
  0x000000001b53e000 JavaThread "Memory manager" [_thread_blocked, id=39324, stack(0x0000000021f70000,0x0000000022070000)]
  0x0000000019473800 JavaThread "Cache worker for execution history cache (C:\Users\Almas\.gradle\caches\5.1.1\executionHistory)" [_thread_blocked, id=11292, stack(0x000000001fd50000,0x000000001fe50000)]
  0x0000000019478000 JavaThread "Cache worker for journal cache (C:\Users\Almas\.gradle\caches\journal-1)" [_thread_blocked, id=40832, stack(0x000000001aca0000,0x000000001ada0000)]
  0x0000000019474800 JavaThread "File lock request listener" [_thread_in_native, id=47652, stack(0x000000001aba0000,0x000000001aca0000)]
  0x0000000019472000 JavaThread "Cache worker for file hash cache (C:\Users\Almas\.gradle\caches\5.1.1\fileHashes)" [_thread_blocked, id=30296, stack(0x000000001aaa0000,0x000000001aba0000)]
  0x0000000019089000 JavaThread "Daemon periodic checks" [_thread_blocked, id=47380, stack(0x000000001a0a0000,0x000000001a1a0000)]
  0x0000000019086000 JavaThread "Incoming local TCP Connector on port 64466" [_thread_in_native, id=42516, stack(0x0000000019e60000,0x0000000019f60000)]
  0x0000000017b78800 JavaThread "Service Thread" daemon [_thread_blocked, id=48728, stack(0x0000000017f50000,0x0000000018050000)]
  0x0000000016207800 JavaThread "C1 CompilerThread2" daemon [_thread_blocked, id=35656, stack(0x0000000017a50000,0x0000000017b50000)]
  0x00000000161fc000 JavaThread "C2 CompilerThread1" daemon [_thread_blocked, id=44568, stack(0x0000000017950000,0x0000000017a50000)]
  0x00000000161f8000 JavaThread "C2 CompilerThread0" daemon [_thread_blocked, id=11220, stack(0x0000000017850000,0x0000000017950000)]
  0x0000000016205800 JavaThread "Attach Listener" daemon [_thread_blocked, id=7480, stack(0x0000000017750000,0x0000000017850000)]
  0x0000000016204800 JavaThread "Signal Dispatcher" daemon [_thread_blocked, id=52776, stack(0x0000000017650000,0x0000000017750000)]
  0x00000000027db800 JavaThread "Finalizer" daemon [_thread_blocked, id=44060, stack(0x0000000017450000,0x0000000017550000)]
  0x00000000027d0800 JavaThread "Reference Handler" daemon [_thread_blocked, id=47536, stack(0x0000000017350000,0x0000000017450000)]
  0x000000000288d800 JavaThread "main" [_thread_blocked, id=62460, stack(0x0000000002570000,0x0000000002670000)]

Other Threads:
  0x00000000161c6800 VMThread [stack: 0x0000000017250000,0x0000000017350000] [id=16896]
  0x0000000017b7b000 WatcherThread [stack: 0x0000000018050000,0x0000000018150000] [id=13748]

VM state:synchronizing (normal execution)

VM Mutex/Monitor currently owned by a thread:  ([mutex/lock_event])
[0x000000000288c530] Safepoint_lock - owner thread: 0x00000000161c6800
[0x000000000288cd30] Threads_lock - owner thread: 0x00000000161c6800

Heap:
 PSYoungGen      total 478208K, used 343925K [0x00000000e0000000, 0x00000000fff00000, 0x0000000100000000)
  eden space 437760K, 76% used [0x00000000e0000000,0x00000000f4526db0,0x00000000fab80000)
  from space 40448K, 27% used [0x00000000fab80000,0x00000000fb636950,0x00000000fd300000)
  to   space 38400K, 0% used [0x00000000fd980000,0x00000000fd980000,0x00000000fff00000)
 ParOldGen       total 310784K, used 226463K [0x00000000a0000000, 0x00000000b2f80000, 0x00000000e0000000)
  object space 310784K, 72% used [0x00000000a0000000,0x00000000add27e70,0x00000000b2f80000)
 Metaspace       used 112564K, capacity 120164K, committed 120320K, reserved 1155072K
  class space    used 13810K, capacity 15039K, committed 15104K, reserved 1048576K

Card table byte_map: [0x0000000011c50000,0x0000000011f60000] byte_map_base: 0x0000000011750000

Marking Bits: (ParMarkBitMap*) 0x0000000051965aa0
 Begin Bits: [0x0000000012560000, 0x0000000013d60000)
 End Bits:   [0x0000000013d60000, 0x0000000015560000)

Polling page: 0x0000000000860000

CodeCache: size=245760Kb used=100653Kb max_used=100773Kb free=145106Kb
 bounds [0x0000000002890000, 0x0000000008bc0000, 0x0000000011890000]
 total_blobs=26376 nmethods=25330 adapters=957
 compilation: enabled

Compilation events (10 events):
Event: 40241.456 Thread 0x0000000016207800 36180       3       com.android.tools.r8.graph.DexApplication::<init> (68 bytes)
Event: 40241.457 Thread 0x0000000016207800 nmethod 36180 0x0000000004927610 code [0x0000000004927780, 0x00000000049279f0]
Event: 40241.457 Thread 0x0000000016207800 36181       3       com.android.tools.r8.com.google.common.collect.SingletonImmutableList::get (11 bytes)
Event: 40241.457 Thread 0x0000000016207800 nmethod 36181 0x00000000076102d0 code [0x0000000007610460, 0x00000000076107f8]
Event: 40241.457 Thread 0x0000000016207800 36182       3       com.android.tools.r8.graph.LazyLoadedDexApplication$Builder::build (62 bytes)
Event: 40241.458 Thread 0x0000000016207800 nmethod 36182 0x000000000563a1d0 code [0x000000000563a380, 0x000000000563a7b8]
Event: 40241.463 Thread 0x0000000016207800 36183       3       com.android.tools.r8.code.SparseSwitchPayload::hashCode (43 bytes)
Event: 40241.464 Thread 0x0000000016207800 nmethod 36183 0x0000000005688450 code [0x0000000005688600, 0x0000000005688ad8]
Event: 40241.765 Thread 0x00000000161f8000 36184       4       com.android.tools.r8.code.Format31t::write (48 bytes)
Event: 40241.773 Thread 0x00000000161f8000 nmethod 36184 0x00000000089fca90 code [0x00000000089fcc00, 0x00000000089fcf98]

GC Heap History (10 events):
Event: 40072.345 GC heap before
{Heap before GC invocations=70 (full 5):
 PSYoungGen      total 465920K, used 430684K [0x00000000e0000000, 0x00000000ff980000, 0x0000000100000000)
  eden space 420352K, 100% used [0x00000000e0000000,0x00000000f9a80000,0x00000000f9a80000)
  from space 45568K, 22% used [0x00000000fcd00000,0x00000000fd717190,0x00000000ff980000)
  to   space 48640K, 0% used [0x00000000f9a80000,0x00000000f9a80000,0x00000000fca00000)
 ParOldGen       total 310784K, used 217693K [0x00000000a0000000, 0x00000000b2f80000, 0x00000000e0000000)
  object space 310784K, 70% used [0x00000000a0000000,0x00000000ad497620,0x00000000b2f80000)
 Metaspace       used 112012K, capacity 119518K, committed 119808K, reserved 1155072K
  class space    used 13723K, capacity 14954K, committed 15104K, reserved 1048576K
Event: 40073.275 GC heap after
Heap after GC invocations=70 (full 5):
 PSYoungGen      total 468992K, used 18055K [0x00000000e0000000, 0x00000000ffe00000, 0x0000000100000000)
  eden space 420352K, 0% used [0x00000000e0000000,0x00000000e0000000,0x00000000f9a80000)
  from space 48640K, 37% used [0x00000000f9a80000,0x00000000fac21cb0,0x00000000fca00000)
  to   space 46080K, 0% used [0x00000000fd100000,0x00000000fd100000,0x00000000ffe00000)
 ParOldGen       total 310784K, used 217701K [0x00000000a0000000, 0x00000000b2f80000, 0x00000000e0000000)
  object space 310784K, 70% used [0x00000000a0000000,0x00000000ad499620,0x00000000b2f80000)
 Metaspace       used 112012K, capacity 119518K, committed 119808K, reserved 1155072K
  class space    used 13723K, capacity 14954K, committed 15104K, reserved 1048576K
}
Event: 40076.364 GC heap before
{Heap before GC invocations=71 (full 5):
 PSYoungGen      total 468992K, used 438407K [0x00000000e0000000, 0x00000000ffe00000, 0x0000000100000000)
  eden space 420352K, 100% used [0x00000000e0000000,0x00000000f9a80000,0x00000000f9a80000)
  from space 48640K, 37% used [0x00000000f9a80000,0x00000000fac21cb0,0x00000000fca00000)
  to   space 46080K, 0% used [0x00000000fd100000,0x00000000fd100000,0x00000000ffe00000)
 ParOldGen       total 310784K, used 217701K [0x00000000a0000000, 0x00000000b2f80000, 0x00000000e0000000)
  object space 310784K, 70% used [0x00000000a0000000,0x00000000ad499620,0x00000000b2f80000)
 Metaspace       used 112027K, capacity 119532K, committed 119808K, reserved 1155072K
  class space    used 13724K, capacity 14956K, committed 15104K, reserved 1048576K
Event: 40076.562 GC heap after
Heap after GC invocations=71 (full 5):
 PSYoungGen      total 470016K, used 14538K [0x00000000e0000000, 0x00000000ff880000, 0x0000000100000000)
  eden space 429568K, 0% used [0x00000000e0000000,0x00000000e0000000,0x00000000fa380000)
  from space 40448K, 35% used [0x00000000fd100000,0x00000000fdf329e0,0x00000000ff880000)
  to   space 43520K, 0% used [0x00000000fa380000,0x00000000fa380000,0x00000000fce00000)
 ParOldGen       total 310784K, used 217785K [0x00000000a0000000, 0x00000000b2f80000, 0x00000000e0000000)
  object space 310784K, 70% used [0x00000000a0000000,0x00000000ad4ae638,0x00000000b2f80000)
 Metaspace       used 112027K, capacity 119532K, committed 119808K, reserved 1155072K
  class space    used 13724K, capacity 14956K, committed 15104K, reserved 1048576K
}
Event: 40226.872 GC heap before
{Heap before GC invocations=72 (full 5):
 PSYoungGen      total 470016K, used 444106K [0x00000000e0000000, 0x00000000ff880000, 0x0000000100000000)
  eden space 429568K, 100% used [0x00000000e0000000,0x00000000fa380000,0x00000000fa380000)
  from space 40448K, 35% used [0x00000000fd100000,0x00000000fdf329e0,0x00000000ff880000)
  to   space 43520K, 0% used [0x00000000fa380000,0x00000000fa380000,0x00000000fce00000)
 ParOldGen       total 310784K, used 217785K [0x00000000a0000000, 0x00000000b2f80000, 0x00000000e0000000)
  object space 310784K, 70% used [0x00000000a0000000,0x00000000ad4ae638,0x00000000b2f80000)
 Metaspace       used 112520K, capacity 120086K, committed 120320K, reserved 1155072K
  class space    used 13809K, capacity 15037K, committed 15104K, reserved 1048576K
Event: 40226.889 GC heap after
Heap after GC invocations=72 (full 5):
 PSYoungGen      total 473088K, used 4886K [0x00000000e0000000, 0x0000000100000000, 0x0000000100000000)
  eden space 429568K, 0% used [0x00000000e0000000,0x00000000e0000000,0x00000000fa380000)
  from space 43520K, 11% used [0x00000000fa380000,0x00000000fa8458f0,0x00000000fce00000)
  to   space 43008K, 0% used [0x00000000fd600000,0x00000000fd600000,0x0000000100000000)
 ParOldGen       total 310784K, used 218857K [0x00000000a0000000, 0x00000000b2f80000, 0x00000000e0000000)
  object space 310784K, 70% used [0x00000000a0000000,0x00000000ad5ba570,0x00000000b2f80000)
 Metaspace       used 112520K, capacity 120086K, committed 120320K, reserved 1155072K
  class space    used 13809K, capacity 15037K, committed 15104K, reserved 1048576K
}
Event: 40236.355 GC heap before
{Heap before GC invocations=73 (full 5):
 PSYoungGen      total 473088K, used 434454K [0x00000000e0000000, 0x0000000100000000, 0x0000000100000000)
  eden space 429568K, 100% used [0x00000000e0000000,0x00000000fa380000,0x00000000fa380000)
  from space 43520K, 11% used [0x00000000fa380000,0x00000000fa8458f0,0x00000000fce00000)
  to   space 43008K, 0% used [0x00000000fd600000,0x00000000fd600000,0x0000000100000000)
 ParOldGen       total 310784K, used 218857K [0x00000000a0000000, 0x00000000b2f80000, 0x00000000e0000000)
  object space 310784K, 70% used [0x00000000a0000000,0x00000000ad5ba570,0x00000000b2f80000)
 Metaspace       used 112541K, capacity 120150K, committed 120320K, reserved 1155072K
  class space    used 13809K, capacity 15037K, committed 15104K, reserved 1048576K
Event: 40236.448 GC heap after
Heap after GC invocations=73 (full 5):
 PSYoungGen      total 475136K, used 13107K [0x00000000e0000000, 0x00000000ffa80000, 0x0000000100000000)
  eden space 437760K, 0% used [0x00000000e0000000,0x00000000e0000000,0x00000000fab80000)
  from space 37376K, 35% used [0x00000000fd600000,0x00000000fe2cce80,0x00000000ffa80000)
  to   space 40448K, 0% used [0x00000000fab80000,0x00000000fab80000,0x00000000fd300000)
 ParOldGen       total 310784K, used 222558K [0x00000000a0000000, 0x00000000b2f80000, 0x00000000e0000000)
  object space 310784K, 71% used [0x00000000a0000000,0x00000000ad957bc8,0x00000000b2f80000)
 Metaspace       used 112541K, capacity 120150K, committed 120320K, reserved 1155072K
  class space    used 13809K, capacity 15037K, committed 15104K, reserved 1048576K
}
Event: 40238.586 GC heap before
{Heap before GC invocations=74 (full 5):
 PSYoungGen      total 475136K, used 450867K [0x00000000e0000000, 0x00000000ffa80000, 0x0000000100000000)
  eden space 437760K, 100% used [0x00000000e0000000,0x00000000fab80000,0x00000000fab80000)
  from space 37376K, 35% used [0x00000000fd600000,0x00000000fe2cce80,0x00000000ffa80000)
  to   space 40448K, 0% used [0x00000000fab80000,0x00000000fab80000,0x00000000fd300000)
 ParOldGen       total 310784K, used 222558K [0x00000000a0000000, 0x00000000b2f80000, 0x00000000e0000000)
  object space 310784K, 71% used [0x00000000a0000000,0x00000000ad957bc8,0x00000000b2f80000)
 Metaspace       used 112553K, capacity 120164K, committed 120320K, reserved 1155072K
  class space    used 13810K, capacity 15039K, committed 15104K, reserved 1048576K
Event: 40239.219 GC heap after
Heap after GC invocations=74 (full 5):
 PSYoungGen      total 478208K, used 10970K [0x00000000e0000000, 0x00000000fff00000, 0x0000000100000000)
  eden space 437760K, 0% used [0x00000000e0000000,0x00000000e0000000,0x00000000fab80000)
  from space 40448K, 27% used [0x00000000fab80000,0x00000000fb636950,0x00000000fd300000)
  to   space 38400K, 0% used [0x00000000fd980000,0x00000000fd980000,0x00000000fff00000)
 ParOldGen       total 310784K, used 226463K [0x00000000a0000000, 0x00000000b2f80000, 0x00000000e0000000)
  object space 310784K, 72% used [0x00000000a0000000,0x00000000add27e70,0x00000000b2f80000)
 Metaspace       used 112553K, capacity 120164K, committed 120320K, reserved 1155072K
  class space    used 13810K, capacity 15039K, committed 15104K, reserved 1048576K
}

Deoptimization events (10 events):
Event: 40076.633 Thread 0x000000002864a000 Uncommon trap: reason=class_check action=maybe_recompile pc=0x00000000089fb3e8 method=com.android.tools.r8.ir.code.ArrayGet.index()Lcom/android/tools/r8/ir/code/Value; @ 10
Event: 40076.663 Thread 0x0000000028649800 Uncommon trap: reason=class_check action=maybe_recompile pc=0x0000000005cbcfd0 method=com.android.tools.r8.ir.code.CatchHandlers.hashCode()I @ 6
Event: 40076.667 Thread 0x0000000028649800 Uncommon trap: reason=class_check action=maybe_recompile pc=0x000000000511ff58 method=com.android.tools.r8.ir.optimize.CodeRewriter.shouldBeLitInstruction(Lcom/android/tools/r8/ir/code/Instruction;)Z @ 15
Event: 40076.839 Thread 0x0000000028648800 Uncommon trap: reason=bimorphic action=maybe_recompile pc=0x00000000089afe90 method=com.android.tools.r8.ir.regalloc.LinearScanRegisterAllocator.needsLongResultOverlappingLongOperandsWorkaround(Lcom/android/tools/r8/ir/regalloc/LiveIntervals;)Z @ 53
Event: 40077.027 Thread 0x0000000028648800 Uncommon trap: reason=bimorphic action=maybe_recompile pc=0x00000000089afe90 method=com.android.tools.r8.ir.regalloc.LinearScanRegisterAllocator.needsLongResultOverlappingLongOperandsWorkaround(Lcom/android/tools/r8/ir/regalloc/LiveIntervals;)Z @ 53
Event: 40077.288 Thread 0x000000002864a000 Uncommon trap: reason=bimorphic action=maybe_recompile pc=0x00000000089afe90 method=com.android.tools.r8.ir.regalloc.LinearScanRegisterAllocator.needsLongResultOverlappingLongOperandsWorkaround(Lcom/android/tools/r8/ir/regalloc/LiveIntervals;)Z @ 53
Event: 40084.149 Thread 0x000000001b549800 Uncommon trap: reason=bimorphic action=maybe_recompile pc=0x0000000007b6f8c8 method=java.util.Collection.removeIf(Ljava/util/function/Predicate;)Z @ 30
Event: 40227.967 Thread 0x000000002864d000 Uncommon trap: reason=class_check action=maybe_recompile pc=0x000000000896f1fc method=com.google.common.collect.TransformedIterator.<init>(Ljava/util/Iterator;)V @ 9
Event: 40238.301 Thread 0x000000001b53f800 Uncommon trap: reason=class_check action=maybe_recompile pc=0x00000000089f8410 method=com.android.tools.r8.ir.code.Invoke.needsRangedInvoke(Lcom/android/tools/r8/ir/conversion/DexBuilder;)Z @ 75
Event: 40238.532 Thread 0x000000001b541000 Uncommon trap: reason=class_check action=maybe_recompile pc=0x00000000089fb3e8 method=com.android.tools.r8.ir.code.ArrayGet.index()Lcom/android/tools/r8/ir/code/Value; @ 10

Classes redefined (0 events):
No events

Internal exceptions (10 events):
Event: 40241.125 Thread 0x000000001cc88000 Exception <a 'sun/nio/fs/WindowsException'> (0x00000000f190cf18) thrown at [D:\src\AOSP-openjdk-cygwin\jdk8u\hotspot\src\share\vm\prims\jni.cpp, line 709]
Event: 40241.147 Thread 0x000000001cc88800 Exception <a 'sun/nio/fs/WindowsException'> (0x00000000f1ea7a08) thrown at [D:\src\AOSP-openjdk-cygwin\jdk8u\hotspot\src\share\vm\prims\jni.cpp, line 709]
Event: 40241.193 Thread 0x000000001cc93000 Exception <a 'sun/nio/fs/WindowsException'> (0x00000000f214dfc8) thrown at [D:\src\AOSP-openjdk-cygwin\jdk8u\hotspot\src\share\vm\prims\jni.cpp, line 709]
Event: 40241.217 Thread 0x000000001d3e6800 Exception <a 'sun/nio/fs/WindowsException'> (0x00000000f248aab8) thrown at [D:\src\AOSP-openjdk-cygwin\jdk8u\hotspot\src\share\vm\prims\jni.cpp, line 709]
Event: 40241.320 Thread 0x000000001d3e0800 Exception <a 'sun/nio/fs/WindowsException'> (0x00000000f2892b68) thrown at [D:\src\AOSP-openjdk-cygwin\jdk8u\hotspot\src\share\vm\prims\jni.cpp, line 709]
Event: 40241.405 Thread 0x000000001d3ee800 Exception <a 'sun/nio/fs/WindowsException'> (0x00000000f2cb7228) thrown at [D:\src\AOSP-openjdk-cygwin\jdk8u\hotspot\src\share\vm\prims\jni.cpp, line 709]
Event: 40241.473 Thread 0x000000001d3e8800 Exception <a 'sun/nio/fs/WindowsException'> (0x00000000f3bbc310) thrown at [D:\src\AOSP-openjdk-cygwin\jdk8u\hotspot\src\share\vm\prims\jni.cpp, line 709]
Event: 40241.553 Thread 0x000000001cc93000 Exception <a 'sun/nio/fs/WindowsException'> (0x00000000f3cd9700) thrown at [D:\src\AOSP-openjdk-cygwin\jdk8u\hotspot\src\share\vm\prims\jni.cpp, line 709]
Event: 40241.775 Thread 0x000000001cc93000 Exception <a 'sun/nio/fs/WindowsException'> (0x00000000f419c740) thrown at [D:\src\AOSP-openjdk-cygwin\jdk8u\hotspot\src\share\vm\prims\jni.cpp, line 709]
Event: 40241.777 Thread 0x000000001cc8b000 Exception <a 'sun/nio/fs/WindowsException'> (0x00000000f4116e88) thrown at [D:\src\AOSP-openjdk-cygwin\jdk8u\hotspot\src\share\vm\prims\jni.cpp, line 709]

Events (10 events):
Event: 40241.196 Thread 0x000000001d3e6800 Thread added: 0x000000001d3e6800
Event: 40241.288 Thread 0x000000001d3e0800 Thread added: 0x000000001d3e0800
Event: 40241.326 Thread 0x000000001d3ee800 Thread added: 0x000000001d3ee800
Event: 40241.414 Thread 0x000000001d3e8800 Thread added: 0x000000001d3e8800
Event: 40241.474 Executing VM operation: RevokeBias
Event: 40241.543 Executing VM operation: RevokeBias done
Event: 40241.557 Executing VM operation: BulkRevokeBias
Event: 40241.761 Executing VM operation: BulkRevokeBias done
Event: 40241.762 Executing VM operation: RevokeBias
Event: 40241.763 Executing VM operation: RevokeBias done


Dynamic libraries:
0x00007ff7589f0000 - 0x00007ff758a21000 	C:\Program Files\Android\Android Studio\jre\bin\java.exe
0x00007ff9f79a0000 - 0x00007ff9f7b90000 	C:\WINDOWS\SYSTEM32\ntdll.dll
0x00007ff9f6b80000 - 0x00007ff9f6c32000 	C:\WINDOWS\System32\KERNEL32.DLL
0x00007ff9f4ae0000 - 0x00007ff9f4d83000 	C:\WINDOWS\System32\KERNELBASE.dll
0x00007ff9f7560000 - 0x00007ff9f7603000 	C:\WINDOWS\System32\ADVAPI32.dll
0x00007ff9f6c50000 - 0x00007ff9f6cee000 	C:\WINDOWS\System32\msvcrt.dll
0x00007ff9f6ad0000 - 0x00007ff9f6b67000 	C:\WINDOWS\System32\sechost.dll
0x00007ff9f7060000 - 0x00007ff9f7180000 	C:\WINDOWS\System32\RPCRT4.dll
0x00007ff9f77c0000 - 0x00007ff9f7953000 	C:\WINDOWS\System32\USER32.dll
0x00007ff9f4d90000 - 0x00007ff9f4db1000 	C:\WINDOWS\System32\win32u.dll
0x00007ff9f6cf0000 - 0x00007ff9f6d16000 	C:\WINDOWS\System32\GDI32.dll
0x00007ff9f4dc0000 - 0x00007ff9f4f54000 	C:\WINDOWS\System32\gdi32full.dll
0x00007ff9f4f60000 - 0x00007ff9f4ffe000 	C:\WINDOWS\System32\msvcp_win.dll
0x00007ff9f4930000 - 0x00007ff9f4a2a000 	C:\WINDOWS\System32\ucrtbase.dll
0x00007ff9ea2a0000 - 0x00007ff9ea525000 	C:\WINDOWS\WinSxS\amd64_microsoft.windows.common-controls_6595b64144ccf1df_6.0.18362.175_none_e6c3ab1f131014c9\COMCTL32.dll
0x00007ff9f6d20000 - 0x00007ff9f7056000 	C:\WINDOWS\System32\combase.dll
0x00007ff9f51a0000 - 0x00007ff9f5221000 	C:\WINDOWS\System32\bcryptPrimitives.dll
0x00007ff9f5c80000 - 0x00007ff9f5cae000 	C:\WINDOWS\System32\IMM32.DLL
0x0000000050fe0000 - 0x00000000510b2000 	C:\Program Files\Android\Android Studio\jre\jre\bin\msvcr100.dll
0x00000000511a0000 - 0x00000000519e1000 	C:\Program Files\Android\Android Studio\jre\jre\bin\server\jvm.dll
0x00007ff9f6c40000 - 0x00007ff9f6c48000 	C:\WINDOWS\System32\PSAPI.DLL
0x00007ff9f1660000 - 0x00007ff9f1669000 	C:\WINDOWS\SYSTEM32\WSOCK32.dll
0x00007ff9f7180000 - 0x00007ff9f71ef000 	C:\WINDOWS\System32\WS2_32.dll
0x00007ff9f1410000 - 0x00007ff9f1434000 	C:\WINDOWS\SYSTEM32\WINMM.dll
0x00007ff9e83a0000 - 0x00007ff9e83aa000 	C:\WINDOWS\SYSTEM32\VERSION.dll
0x00007ff9f13e0000 - 0x00007ff9f140d000 	C:\WINDOWS\SYSTEM32\WINMMBASE.dll
0x00007ff9f4a30000 - 0x00007ff9f4a7a000 	C:\WINDOWS\System32\cfgmgr32.dll
0x00007ff9f1650000 - 0x00007ff9f165f000 	C:\Program Files\Android\Android Studio\jre\jre\bin\verify.dll
0x00007ff9edba0000 - 0x00007ff9edbc9000 	C:\Program Files\Android\Android Studio\jre\jre\bin\java.dll
0x00007ff9ed640000 - 0x00007ff9ed656000 	C:\Program Files\Android\Android Studio\jre\jre\bin\zip.dll
0x00007ff9f6120000 - 0x00007ff9f6800000 	C:\WINDOWS\System32\SHELL32.dll
0x00007ff9f72a0000 - 0x00007ff9f7349000 	C:\WINDOWS\System32\shcore.dll
0x00007ff9f52e0000 - 0x00007ff9f5a5b000 	C:\WINDOWS\System32\windows.storage.dll
0x00007ff9f48c0000 - 0x00007ff9f48df000 	C:\WINDOWS\System32\profapi.dll
0x00007ff9f48e0000 - 0x00007ff9f492a000 	C:\WINDOWS\System32\powrprof.dll
0x00007ff9f4870000 - 0x00007ff9f4880000 	C:\WINDOWS\System32\UMPDC.dll
0x00007ff9f7430000 - 0x00007ff9f7482000 	C:\WINDOWS\System32\shlwapi.dll
0x00007ff9f48a0000 - 0x00007ff9f48b1000 	C:\WINDOWS\System32\kernel.appcore.dll
0x00007ff9f5180000 - 0x00007ff9f5197000 	C:\WINDOWS\System32\cryptsp.dll
0x00007ff9ed620000 - 0x00007ff9ed63a000 	C:\Program Files\Android\Android Studio\jre\jre\bin\net.dll
0x00007ff9f40e0000 - 0x00007ff9f4147000 	C:\WINDOWS\system32\mswsock.dll
0x00007ff9e80f0000 - 0x00007ff9e8101000 	C:\Program Files\Android\Android Studio\jre\jre\bin\nio.dll
0x00007ff9f1160000 - 0x00007ff9f117e000 	C:\Users\Almas\.gradle\native\25\windows-amd64\native-platform.dll
0x00007ff9f1640000 - 0x00007ff9f164d000 	C:\Program Files\Android\Android Studio\jre\jre\bin\management.dll
0x00007ff9f3ca0000 - 0x00007ff9f3cd3000 	C:\WINDOWS\system32\rsaenh.dll
0x00007ff9f5000000 - 0x00007ff9f5026000 	C:\WINDOWS\System32\bcrypt.dll
0x00007ff9f4760000 - 0x00007ff9f4785000 	C:\WINDOWS\SYSTEM32\USERENV.dll
0x00007ff9f42b0000 - 0x00007ff9f42bc000 	C:\WINDOWS\SYSTEM32\CRYPTBASE.dll
0x00007ff9f3e40000 - 0x00007ff9f3e7a000 	C:\WINDOWS\SYSTEM32\IPHLPAPI.DLL
0x00007ff9f5a60000 - 0x00007ff9f5a68000 	C:\WINDOWS\System32\NSI.dll
0x00007ff9eb930000 - 0x00007ff9eb946000 	C:\WINDOWS\SYSTEM32\dhcpcsvc6.DLL
0x00007ff9eb910000 - 0x00007ff9eb92c000 	C:\WINDOWS\SYSTEM32\dhcpcsvc.DLL
0x00007ff9f3e80000 - 0x00007ff9f3f4a000 	C:\WINDOWS\SYSTEM32\DNSAPI.dll
0x00007ff9cea70000 - 0x00007ff9cea94000 	C:\Program Files\Android\Android Studio\jre\jre\bin\sunec.dll
0x00007ff9ea550000 - 0x00007ff9ea55a000 	C:\Windows\System32\rasadhlp.dll
0x00007ff9eb160000 - 0x00007ff9eb1d7000 	C:\WINDOWS\System32\fwpuclnt.dll
0x00007ff9ed9f0000 - 0x00007ff9ed9fb000 	C:\Program Files\Android\Android Studio\jre\jre\bin\sunmscapi.dll
0x00007ff9f5030000 - 0x00007ff9f5179000 	C:\WINDOWS\System32\CRYPT32.dll
0x00007ff9f4880000 - 0x00007ff9f4892000 	C:\WINDOWS\System32\MSASN1.dll
0x00007ff9cb7f0000 - 0x00007ff9cb988000 	C:\Program Files\Android\Android Studio\jre\jre\bin\awt.dll
0x00007ff9f5bb0000 - 0x00007ff9f5c74000 	C:\WINDOWS\System32\OLEAUT32.dll
0x00007ff9f1680000 - 0x00007ff9f1c40000 	C:\WINDOWS\SYSTEM32\d2d1.dll
0x00007ff9f2a60000 - 0x00007ff9f2aef000 	C:\WINDOWS\SYSTEM32\apphelp.dll
0x00007ff9f2f70000 - 0x00007ff9f2f9d000 	C:\WINDOWS\system32\DWMAPI.DLL
0x00007ff9f2ba0000 - 0x00007ff9f2c39000 	C:\WINDOWS\system32\uxtheme.dll
0x00007ff9f3a30000 - 0x00007ff9f3a61000 	C:\WINDOWS\SYSTEM32\ntmarta.dll
0x00007ff9e6140000 - 0x00007ff9e6334000 	C:\WINDOWS\SYSTEM32\dbghelp.dll

VM Arguments:
jvm_args: -Xmx1536m -Dfile.encoding=windows-1252 -Duser.country=US -Duser.language=en -Duser.variant 
java_command: org.gradle.launcher.daemon.bootstrap.GradleDaemon 5.1.1
java_class_path (initial): C:\Users\Almas\.gradle\wrapper\dists\gradle-5.1.1-all\97z1ksx6lirer3kbvdnh7jtjg\gradle-5.1.1\lib\gradle-launcher-5.1.1.jar
Launcher Type: SUN_STANDARD

Environment Variables:
PATH=C:\Program Files (x86)\Common Files\Oracle\Java\javapath;C:\WINDOWS\system32;C:\WINDOWS;C:\WINDOWS\System32\Wbem;C:\WINDOWS\System32\WindowsPowerShell\v1.0\;C:\WINDOWS\System32\OpenSSH\;C:\Program Files\Git\cmd;C:\Users\Almas\AppData\Local\Microsoft\WindowsApps;C:\cygwin64;C:\Program Files\Java\jdk1.8.0_201\bin;
USERNAME=Almas
OS=Windows_NT
PROCESSOR_IDENTIFIER=Intel64 Family 6 Model 61 Stepping 4, GenuineIntel



---------------  S Y S T E M  ---------------

OS: Windows 10.0 , 64 bit Build 18362 (10.0.18362.86)

CPU:total 4 (initial active 4) (2 cores per cpu, 2 threads per core) family 6 model 61 stepping 4, cmov, cx8, fxsr, mmx, sse, sse2, sse3, ssse3, sse4.1, sse4.2, popcnt, avx, avx2, aes, clmul, erms, 3dnowpref, lzcnt, ht, tsc, tscinvbit, bmi1, bmi2, adx

Memory: 4k page, physical 8301976k(696176k free), swap 15434256k(5250256k free)

vm_info: OpenJDK 64-Bit Server VM (25.152-b01) for windows-amd64 JRE (1.8.0_152-release-1343-b01), built by "builder" with MS VC++ 10.0 (VS2010)

time: Mon Jun 24 20:32:28 2019
elapsed time: 40242 seconds (0d 11h 10m 42s)

