#
# A fatal error has been detected by the Java Runtime Environment:
#
#  EXCEPTION_ACCESS_VIOLATION (0xc0000005) at pc=0x0000000067828eab, pid=4376, tid=0x0000000000000bfc
#
# JRE version: OpenJDK Runtime Environment (8.0_202-b03) (build 1.8.0_202-release-1483-b03)
# Java VM: OpenJDK 64-Bit Server VM (25.202-b03 mixed mode windows-amd64 compressed oops)
# Problematic frame:
# V  [jvm.dll+0x2a8eab]
#
# Failed to write core dump. Minidumps are not enabled by default on client versions of Windows
#
# If you would like to submit a bug report, please visit:
#   http://bugreport.java.com/bugreport/crash.jsp
#

---------------  T H R E A D  ---------------

Current thread (0x0000000014556000):  VMThread [stack: 0x00000000155e0000,0x00000000156e0000] [id=3068]

siginfo: ExceptionCode=0xc0000005, reading address 0xffffffffffffffff

Registers:
RAX=0x00000000031b5460, RBX=0x00000000156df130, RCX=0x00000000156df130, RDX=0x000000000307dbc0
RSP=0x00000000156df0e0, RBP=0x0000000000000000, RSI=0x000000000000001a, RDI=0x0000000067cf2598
R8 =0x00740069006c0069, R9 =0x00780045002f0079, R10=0x00000000156df190, R11=0x0000000018c27910
R12=0x0000000000000000, R13=0x0000000000000000, R14=0x0000000000000000, R15=0x0000000000000000
RIP=0x0000000067828eab, EFLAGS=0x0000000000010246

Top of Stack: (sp=0x00000000156df0e0)
0x00000000156df0e0:   00000000156df130 0000000000000000
0x00000000156df0f0:   000000000000001a 0000000018c278a0
0x00000000156df100:   000000001795b000 000000006779a4c4
0x00000000156df110:   000000001795b000 0000000000000000
0x00000000156df120:   000000000000001a 000000006760b17f
0x00000000156df130:   0000000018c27920 00780045002f0079
0x00000000156df140:   0000000000000000 0000000000000000
0x00000000156df150:   00740069006c0069 0000000018c27920
0x00000000156df160:   0000000018c27920 00780045002f0079
0x00000000156df170:   0000000000000000 0000000000000000
0x00000000156df180:   00740069006c0069 0000000018c27920
0x00000000156df190:   00000000158df0d8 00000000158df0dc
0x00000000156df1a0:   00000000158df0d0 00000000158df0d4
0x00000000156df1b0:   00000000158df0c8 00000000158df0cc
0x00000000156df1c0:   00000000158df0c0 00000000158df0c4
0x00000000156df1d0:   00000000156df4d0 00000000677deb8d 

Instructions: (pc=0x0000000067828eab)
0x0000000067828e8b:   c3 48 83 79 10 00 74 11 48 8b d3 e8 75 fc ff ff
0x0000000067828e9b:   48 8b c3 48 83 c4 20 5b c3 4c 8b 41 20 48 8b cb
0x0000000067828eab:   4d 8b 48 08 49 8d 50 10 4d 8b 00 e8 95 bc d9 ff
0x0000000067828ebb:   48 8b c3 48 83 c4 20 5b c3 cc cc cc cc cc cc cc 


Register to memory mapping:

RAX=0x00000000031b5460 is an unknown value
RBX=0x00000000156df130 is an unknown value
RCX=0x00000000156df130 is an unknown value
RDX=0x000000000307dbc0 is an unknown value
RSP=0x00000000156df0e0 is an unknown value
RBP=0x0000000000000000 is an unknown value
RSI=0x000000000000001a is an unknown value
RDI=0x0000000067cf2598 is an unknown value
R8 =0x00740069006c0069 is an unknown value
R9 =0x00780045002f0079 is an unknown value
R10=0x00000000156df190 is an unknown value
R11=0x0000000018c27910 is pointing into the stack for thread: 0x000000001795b000
R12=0x0000000000000000 is an unknown value
R13=0x0000000000000000 is an unknown value
R14=0x0000000000000000 is an unknown value
R15=0x0000000000000000 is an unknown value


Stack: [0x00000000155e0000,0x00000000156e0000],  sp=0x00000000156df0e0,  free space=1020k
Native frames: (J=compiled Java code, j=interpreted, Vv=VM code, C=native code)


---------------  P R O C E S S  ---------------

Java Threads: ( => current thread )
  0x000000001abd7800 JavaThread "Cache worker for execution history cache (C:\Users\Almas\.gradle\caches\5.4.1\executionHistory)" [_thread_blocked, id=6324, stack(0x000000001cce0000,0x000000001cde0000)]
  0x000000001abd7000 JavaThread "Cache worker for cache directory md-rule (C:\Users\Almas\.gradle\caches\5.4.1\md-rule)" [_thread_blocked, id=12400, stack(0x000000001c9e0000,0x000000001cae0000)]
  0x0000000017948800 JavaThread "Cache worker for cache directory md-supplier (C:\Users\Almas\.gradle\caches\5.4.1\md-supplier)" [_thread_blocked, id=7756, stack(0x000000001c6a0000,0x000000001c7a0000)]
  0x000000001794b000 JavaThread "Cache worker for file hash cache (E:\Practices\Java\Android-Fundamentals\.gradle\5.4.1\fileHashes)" [_thread_blocked, id=8416, stack(0x000000001c5a0000,0x000000001c6a0000)]
  0x0000000017947000 JavaThread "Cache worker for journal cache (C:\Users\Almas\.gradle\caches\journal-1)" [_thread_blocked, id=13256, stack(0x0000000019130000,0x0000000019230000)]
  0x000000001794a000 JavaThread "File lock request listener" [_thread_in_native, id=13140, stack(0x0000000019030000,0x0000000019130000)]
  0x0000000017946800 JavaThread "Cache worker for file hash cache (C:\Users\Almas\.gradle\caches\5.4.1\fileHashes)" [_thread_blocked, id=7300, stack(0x0000000018f30000,0x0000000019030000)]
  0x0000000017949800 JavaThread "Thread-9" [_thread_blocked, id=6968, stack(0x0000000018e30000,0x0000000018f30000)]
  0x00000000177d4800 JavaThread "Stdin handler" [_thread_blocked, id=10324, stack(0x0000000018d30000,0x0000000018e30000)]
  0x0000000017953800 JavaThread "Asynchronous log dispatcher for DefaultDaemonConnection: socket connection from /127.0.0.1:50502 to /127.0.0.1:50503" [_thread_blocked, id=13240, stack(0x0000000018c30000,0x0000000018d30000)]
  0x000000001795b000 JavaThread "Daemon worker" [_thread_in_native, id=7772, stack(0x0000000018b30000,0x0000000018c30000)]
  0x0000000017963000 JavaThread "Cancel handler" [_thread_blocked, id=5496, stack(0x0000000018a30000,0x0000000018b30000)]
  0x00000000177c2000 JavaThread "Handler for socket connection from /127.0.0.1:50502 to /127.0.0.1:50503" [_thread_in_native, id=8544, stack(0x0000000018730000,0x0000000018830000)]
  0x00000000177bf800 JavaThread "Daemon" [_thread_blocked, id=3396, stack(0x0000000018630000,0x0000000018730000)]
  0x00000000172fd800 JavaThread "Daemon periodic checks" [_thread_blocked, id=12972, stack(0x0000000018530000,0x0000000018630000)]
  0x00000000172ff800 JavaThread "Incoming local TCP Connector on port 50502" [_thread_in_native, id=11508, stack(0x00000000182f0000,0x00000000183f0000)]
  0x0000000017a52000 JavaThread "Daemon health stats" [_thread_blocked, id=12840, stack(0x0000000017cb0000,0x0000000017db0000)]
  0x0000000015f08800 JavaThread "Service Thread" daemon [_thread_blocked, id=7820, stack(0x00000000162e0000,0x00000000163e0000)]
  0x0000000014590800 JavaThread "C1 CompilerThread2" daemon [_thread_blocked, id=7564, stack(0x0000000015de0000,0x0000000015ee0000)]
  0x000000001458e000 JavaThread "C2 CompilerThread1" daemon [_thread_blocked, id=1376, stack(0x0000000015ce0000,0x0000000015de0000)]
  0x0000000014598800 JavaThread "C2 CompilerThread0" daemon [_thread_blocked, id=2372, stack(0x0000000015be0000,0x0000000015ce0000)]
  0x0000000014597800 JavaThread "Attach Listener" daemon [_thread_blocked, id=2728, stack(0x0000000015ae0000,0x0000000015be0000)]
  0x0000000014596000 JavaThread "Signal Dispatcher" daemon [_thread_blocked, id=8696, stack(0x00000000159e0000,0x0000000015ae0000)]
  0x000000000316c800 JavaThread "Finalizer" daemon [_thread_blocked, id=9308, stack(0x00000000157e0000,0x00000000158e0000)]
  0x0000000014579000 JavaThread "Reference Handler" daemon [_thread_blocked, id=1996, stack(0x00000000156e0000,0x00000000157e0000)]
  0x0000000002edd800 JavaThread "main" [_thread_blocked, id=6984, stack(0x0000000002f70000,0x0000000003070000)]

Other Threads:
=>0x0000000014556000 VMThread [stack: 0x00000000155e0000,0x00000000156e0000] [id=3068]
  0x00000000145ec800 WatcherThread [stack: 0x00000000163e0000,0x00000000164e0000] [id=5936]

VM state:at safepoint (normal execution)

VM Mutex/Monitor currently owned by a thread:  ([mutex/lock_event])
[0x0000000002edcc00] Safepoint_lock - owner thread: 0x0000000014556000
[0x0000000002edc500] Threads_lock - owner thread: 0x0000000014556000

heap address: 0x00000000e0000000, size: 512 MB, Compressed Oops mode: 32-bit
Narrow klass base: 0x0000000000000000, Narrow klass shift: 3
Compressed class space size: 1073741824 Address: 0x0000000100000000

Heap:
 PSYoungGen      total 101376K, used 29359K [0x00000000f5580000, 0x00000000fe780000, 0x0000000100000000)
  eden space 93696K, 23% used [0x00000000f5580000,0x00000000f6ac6038,0x00000000fb100000)
  from space 7680K, 98% used [0x00000000fe000000,0x00000000fe765f20,0x00000000fe780000)
  to   space 10752K, 0% used [0x00000000fd280000,0x00000000fd280000,0x00000000fdd00000)
 ParOldGen       total 175104K, used 11630K [0x00000000e0000000, 0x00000000eab00000, 0x00000000f5580000)
  object space 175104K, 6% used [0x00000000e0000000,0x00000000e0b5ba10,0x00000000eab00000)
 Metaspace       used 29449K, capacity 29946K, committed 30208K, reserved 1075200K
  class space    used 4078K, capacity 4256K, committed 4352K, reserved 1048576K

Card table byte_map: [0x0000000012530000,0x0000000012640000] byte_map_base: 0x0000000011e30000

Marking Bits: (ParMarkBitMap*) 0x0000000067d49f30
 Begin Bits: [0x0000000012af0000, 0x00000000132f0000)
 End Bits:   [0x00000000132f0000, 0x0000000013af0000)

Polling page: 0x0000000002e80000

CodeCache: size=245760Kb used=8690Kb max_used=8716Kb free=237069Kb
 bounds [0x0000000003170000, 0x0000000003a00000, 0x0000000012170000]
 total_blobs=2925 nmethods=2254 adapters=584
 compilation: enabled

Compilation events (10 events):
Event: 6.436 Thread 0x0000000014590800 2264       3       com.google.common.collect.ImmutableList$Builder::add (8 bytes)
Event: 6.437 Thread 0x0000000014590800 nmethod 2264 0x00000000039e0190 code [0x00000000039e0320, 0x00000000039e07d8]
Event: 6.473 Thread 0x0000000014598800 nmethod 2244 0x00000000039e5d90 code [0x00000000039e5fc0, 0x00000000039e83b8]
Event: 6.473 Thread 0x0000000014598800 2251       4       java.lang.reflect.Modifier::isStatic (13 bytes)
Event: 6.474 Thread 0x0000000014598800 nmethod 2251 0x00000000039c5f90 code [0x00000000039c60c0, 0x00000000039c6118]
Event: 6.474 Thread 0x0000000014598800 2262       4       java.lang.Object::equals (11 bytes)
Event: 6.474 Thread 0x0000000014598800 nmethod 2262 0x00000000039e2f10 code [0x00000000039e3040, 0x00000000039e30b8]
Event: 6.474 Thread 0x0000000014598800 2247       4       java.lang.Thread::interrupted (8 bytes)
Event: 6.475 Thread 0x0000000014598800 nmethod 2247 0x00000000039e1790 code [0x00000000039e18e0, 0x00000000039e1968]
Event: 6.506 Thread 0x000000001458e000 nmethod 2223 0x00000000039f10d0 code [0x00000000039f1400, 0x00000000039f50c8]

GC Heap History (10 events):
Event: 1.886 GC heap before
{Heap before GC invocations=1 (full 0):
 PSYoungGen      total 76288K, used 65536K [0x00000000f5580000, 0x00000000faa80000, 0x0000000100000000)
  eden space 65536K, 100% used [0x00000000f5580000,0x00000000f9580000,0x00000000f9580000)
  from space 10752K, 0% used [0x00000000fa000000,0x00000000fa000000,0x00000000faa80000)
  to   space 10752K, 0% used [0x00000000f9580000,0x00000000f9580000,0x00000000fa000000)
 ParOldGen       total 175104K, used 0K [0x00000000e0000000, 0x00000000eab00000, 0x00000000f5580000)
  object space 175104K, 0% used [0x00000000e0000000,0x00000000e0000100,0x00000000eab00000)
 Metaspace       used 8533K, capacity 8798K, committed 8960K, reserved 1056768K
  class space    used 1100K, capacity 1173K, committed 1280K, reserved 1048576K
Event: 1.894 GC heap after
Heap after GC invocations=1 (full 0):
 PSYoungGen      total 76288K, used 6521K [0x00000000f5580000, 0x00000000faa80000, 0x0000000100000000)
  eden space 65536K, 0% used [0x00000000f5580000,0x00000000f5580000,0x00000000f9580000)
  from space 10752K, 60% used [0x00000000f9580000,0x00000000f9bde738,0x00000000fa000000)
  to   space 10752K, 0% used [0x00000000fa000000,0x00000000fa000000,0x00000000faa80000)
 ParOldGen       total 175104K, used 16K [0x00000000e0000000, 0x00000000eab00000, 0x00000000f5580000)
  object space 175104K, 0% used [0x00000000e0000000,0x00000000e0004100,0x00000000eab00000)
 Metaspace       used 8533K, capacity 8798K, committed 8960K, reserved 1056768K
  class space    used 1100K, capacity 1173K, committed 1280K, reserved 1048576K
}
Event: 3.499 GC heap before
{Heap before GC invocations=2 (full 0):
 PSYoungGen      total 76288K, used 72057K [0x00000000f5580000, 0x00000000faa80000, 0x0000000100000000)
  eden space 65536K, 100% used [0x00000000f5580000,0x00000000f9580000,0x00000000f9580000)
  from space 10752K, 60% used [0x00000000f9580000,0x00000000f9bde738,0x00000000fa000000)
  to   space 10752K, 0% used [0x00000000fa000000,0x00000000fa000000,0x00000000faa80000)
 ParOldGen       total 175104K, used 20K [0x00000000e0000000, 0x00000000eab00000, 0x00000000f5580000)
  object space 175104K, 0% used [0x00000000e0000000,0x00000000e00051f0,0x00000000eab00000)
 Metaspace       used 15407K, capacity 15780K, committed 16000K, reserved 1062912K
  class space    used 2190K, capacity 2328K, committed 2432K, reserved 1048576K
Event: 3.516 GC heap after
Heap after GC invocations=2 (full 0):
 PSYoungGen      total 76288K, used 10152K [0x00000000f5580000, 0x00000000faa80000, 0x0000000100000000)
  eden space 65536K, 0% used [0x00000000f5580000,0x00000000f5580000,0x00000000f9580000)
  from space 10752K, 94% used [0x00000000fa000000,0x00000000fa9ea1f0,0x00000000faa80000)
  to   space 10752K, 0% used [0x00000000f9580000,0x00000000f9580000,0x00000000fa000000)
 ParOldGen       total 175104K, used 28K [0x00000000e0000000, 0x00000000eab00000, 0x00000000f5580000)
  object space 175104K, 0% used [0x00000000e0000000,0x00000000e00071f0,0x00000000eab00000)
 Metaspace       used 15407K, capacity 15780K, committed 16000K, reserved 1062912K
  class space    used 2190K, capacity 2328K, committed 2432K, reserved 1048576K
}
Event: 4.623 GC heap before
{Heap before GC invocations=3 (full 0):
 PSYoungGen      total 76288K, used 63953K [0x00000000f5580000, 0x00000000faa80000, 0x0000000100000000)
  eden space 65536K, 82% used [0x00000000f5580000,0x00000000f8a0a430,0x00000000f9580000)
  from space 10752K, 94% used [0x00000000fa000000,0x00000000fa9ea1f0,0x00000000faa80000)
  to   space 10752K, 0% used [0x00000000f9580000,0x00000000f9580000,0x00000000fa000000)
 ParOldGen       total 175104K, used 28K [0x00000000e0000000, 0x00000000eab00000, 0x00000000f5580000)
  object space 175104K, 0% used [0x00000000e0000000,0x00000000e00071f0,0x00000000eab00000)
 Metaspace       used 20714K, capacity 21164K, committed 21296K, reserved 1067008K
  class space    used 2964K, capacity 3125K, committed 3200K, reserved 1048576K
Event: 4.645 GC heap after
Heap after GC invocations=3 (full 0):
 PSYoungGen      total 76288K, used 10729K [0x00000000f5580000, 0x00000000fea80000, 0x0000000100000000)
  eden space 65536K, 0% used [0x00000000f5580000,0x00000000f5580000,0x00000000f9580000)
  from space 10752K, 99% used [0x00000000f9580000,0x00000000f9ffa520,0x00000000fa000000)
  to   space 10752K, 0% used [0x00000000fe000000,0x00000000fe000000,0x00000000fea80000)
 ParOldGen       total 175104K, used 1257K [0x00000000e0000000, 0x00000000eab00000, 0x00000000f5580000)
  object space 175104K, 0% used [0x00000000e0000000,0x00000000e013a6e8,0x00000000eab00000)
 Metaspace       used 20714K, capacity 21164K, committed 21296K, reserved 1067008K
  class space    used 2964K, capacity 3125K, committed 3200K, reserved 1048576K
}
Event: 4.645 GC heap before
{Heap before GC invocations=4 (full 1):
 PSYoungGen      total 76288K, used 10729K [0x00000000f5580000, 0x00000000fea80000, 0x0000000100000000)
  eden space 65536K, 0% used [0x00000000f5580000,0x00000000f5580000,0x00000000f9580000)
  from space 10752K, 99% used [0x00000000f9580000,0x00000000f9ffa520,0x00000000fa000000)
  to   space 10752K, 0% used [0x00000000fe000000,0x00000000fe000000,0x00000000fea80000)
 ParOldGen       total 175104K, used 1257K [0x00000000e0000000, 0x00000000eab00000, 0x00000000f5580000)
  object space 175104K, 0% used [0x00000000e0000000,0x00000000e013a6e8,0x00000000eab00000)
 Metaspace       used 20714K, capacity 21164K, committed 21296K, reserved 1067008K
  class space    used 2964K, capacity 3125K, committed 3200K, reserved 1048576K
Event: 4.711 GC heap after
Heap after GC invocations=4 (full 1):
 PSYoungGen      total 76288K, used 0K [0x00000000f5580000, 0x00000000fea80000, 0x0000000100000000)
  eden space 65536K, 0% used [0x00000000f5580000,0x00000000f5580000,0x00000000f9580000)
  from space 10752K, 0% used [0x00000000f9580000,0x00000000f9580000,0x00000000fa000000)
  to   space 10752K, 0% used [0x00000000fe000000,0x00000000fe000000,0x00000000fea80000)
 ParOldGen       total 175104K, used 11622K [0x00000000e0000000, 0x00000000eab00000, 0x00000000f5580000)
  object space 175104K, 6% used [0x00000000e0000000,0x00000000e0b59a10,0x00000000eab00000)
 Metaspace       used 20714K, capacity 21164K, committed 21296K, reserved 1067008K
  class space    used 2964K, capacity 3125K, committed 3200K, reserved 1048576K
}
Event: 6.041 GC heap before
{Heap before GC invocations=5 (full 1):
 PSYoungGen      total 76288K, used 65536K [0x00000000f5580000, 0x00000000fea80000, 0x0000000100000000)
  eden space 65536K, 100% used [0x00000000f5580000,0x00000000f9580000,0x00000000f9580000)
  from space 10752K, 0% used [0x00000000f9580000,0x00000000f9580000,0x00000000fa000000)
  to   space 10752K, 0% used [0x00000000fe000000,0x00000000fe000000,0x00000000fea80000)
 ParOldGen       total 175104K, used 11622K [0x00000000e0000000, 0x00000000eab00000, 0x00000000f5580000)
  object space 175104K, 6% used [0x00000000e0000000,0x00000000e0b59a10,0x00000000eab00000)
 Metaspace       used 28226K, capacity 28750K, committed 28928K, reserved 1075200K
  class space    used 3887K, capacity 4094K, committed 4096K, reserved 1048576K
Event: 6.054 GC heap after
Heap after GC invocations=5 (full 1):
 PSYoungGen      total 101376K, used 7575K [0x00000000f5580000, 0x00000000fe780000, 0x0000000100000000)
  eden space 93696K, 0% used [0x00000000f5580000,0x00000000f5580000,0x00000000fb100000)
  from space 7680K, 98% used [0x00000000fe000000,0x00000000fe765f20,0x00000000fe780000)
  to   space 10752K, 0% used [0x00000000fd280000,0x00000000fd280000,0x00000000fdd00000)
 ParOldGen       total 175104K, used 11630K [0x00000000e0000000, 0x00000000eab00000, 0x00000000f5580000)
  object space 175104K, 6% used [0x00000000e0000000,0x00000000e0b5ba10,0x00000000eab00000)
 Metaspace       used 28226K, capacity 28750K, committed 28928K, reserved 1075200K
  class space    used 3887K, capacity 4094K, committed 4096K, reserved 1048576K
}

Deoptimization events (10 events):
Event: 4.166 Thread 0x000000001795b000 Uncommon trap: reason=bimorphic action=maybe_recompile pc=0x000000000361c0dc method=java.lang.ClassLoader.loadClass(Ljava/lang/String;Z)Ljava/lang/Class; @ 38
Event: 4.167 Thread 0x000000001795b000 Uncommon trap: reason=bimorphic action=maybe_recompile pc=0x000000000361c0dc method=java.lang.ClassLoader.loadClass(Ljava/lang/String;Z)Ljava/lang/Class; @ 38
Event: 4.168 Thread 0x000000001795b000 Uncommon trap: reason=bimorphic action=maybe_recompile pc=0x000000000361c0dc method=java.lang.ClassLoader.loadClass(Ljava/lang/String;Z)Ljava/lang/Class; @ 38
Event: 4.477 Thread 0x000000001795b000 Uncommon trap: reason=class_check action=maybe_recompile pc=0x0000000003376200 method=sun.misc.URLClassPath.getLoader(I)Lsun/misc/URLClassPath$Loader; @ 94
Event: 4.478 Thread 0x000000001795b000 Uncommon trap: reason=class_check action=maybe_recompile pc=0x00000000036e94c0 method=sun.misc.URLClassPath.getResource(Ljava/lang/String;Z)Lsun/misc/Resource; @ 62
Event: 5.492 Thread 0x000000001795b000 Uncommon trap: reason=unstable_if action=reinterpret pc=0x00000000036072e8 method=java.util.HashMap.hash(Ljava/lang/Object;)I @ 1
Event: 5.658 Thread 0x000000001795b000 Uncommon trap: reason=unstable_if action=reinterpret pc=0x000000000342eacc method=java.io.WinNTFileSystem.resolve(Ljava/lang/String;Ljava/lang/String;)Ljava/lang/String; @ 49
Event: 5.722 Thread 0x000000001795b000 Uncommon trap: reason=unstable_if action=reinterpret pc=0x000000000344d230 method=java.util.LinkedHashMap.afterNodeInsertion(Z)V @ 1
Event: 6.204 Thread 0x000000001795b000 Uncommon trap: reason=unstable_if action=reinterpret pc=0x000000000393aa08 method=java.lang.ClassLoader.getClassLoadingLock(Ljava/lang/String;)Ljava/lang/Object; @ 6
Event: 6.289 Thread 0x000000001795b000 Uncommon trap: reason=unstable_if action=reinterpret pc=0x00000000033e49fc method=java.util.HashMap.getNode(ILjava/lang/Object;)Ljava/util/HashMap$Node; @ 129

Classes redefined (0 events):
No events

Internal exceptions (10 events):
Event: 5.219 Thread 0x000000001795b000 Exception <a 'java/lang/ClassNotFoundException': groovy/lang/Closure$1Customizer> (0x00000000f6b62280) thrown at [D:\src\AOSP-openjdk-cygwin\jdk8u\hotspot\src\share\vm\classfile\systemDictionary.cpp, line 210]
Event: 5.400 Thread 0x000000001795b000 Exception <a 'java/lang/ClassNotFoundException': org/gradle/internal/metaobject/ConfigureDelegateBeanInfo> (0x00000000f72c2b38) thrown at [D:\src\AOSP-openjdk-cygwin\jdk8u\hotspot\src\share\vm\classfile\systemDictionary.cpp, line 210]
Event: 5.401 Thread 0x000000001795b000 Exception <a 'java/lang/ClassNotFoundException': org/gradle/internal/metaobject/ConfigureDelegateCustomizer> (0x00000000f72eb978) thrown at [D:\src\AOSP-openjdk-cygwin\jdk8u\hotspot\src\share\vm\classfile\systemDictionary.cpp, line 210]
Event: 5.412 Thread 0x000000001795b000 Exception <a 'java/lang/ClassNotFoundException': org/gradle/api/internal/initialization/DefaultScriptHandlerBeanInfo> (0x00000000f7370d70) thrown at [D:\src\AOSP-openjdk-cygwin\jdk8u\hotspot\src\share\vm\classfile\systemDictionary.cpp, line 210]
Event: 5.414 Thread 0x000000001795b000 Exception <a 'java/lang/ClassNotFoundException': org/gradle/api/internal/initialization/DefaultScriptHandlerCustomizer> (0x00000000f73a1228) thrown at [D:\src\AOSP-openjdk-cygwin\jdk8u\hotspot\src\share\vm\classfile\systemDictionary.cpp, line 210]
Event: 5.492 Thread 0x000000001795b000 Implicit null exception at 0x00000000036070d5 to 0x00000000036072d9
Event: 6.213 Thread 0x000000001795b000 Exception <a 'java/lang/ClassNotFoundException': org/gradle/api/internal/artifacts/dsl/dependencies/DefaultDependencyHandler_DecoratedBeanInfo> (0x00000000f5ba5268) thrown at [D:\src\AOSP-openjdk-cygwin\jdk8u\hotspot\src\share\vm\classfile\systemDictionar
Event: 6.215 Thread 0x000000001795b000 Exception <a 'java/lang/ClassNotFoundException': org/gradle/api/internal/artifacts/dsl/dependencies/DefaultDependencyHandlerBeanInfo> (0x00000000f5bf4888) thrown at [D:\src\AOSP-openjdk-cygwin\jdk8u\hotspot\src\share\vm\classfile\systemDictionary.cpp, lin
Event: 6.217 Thread 0x000000001795b000 Exception <a 'java/lang/ClassNotFoundException': org/gradle/api/internal/artifacts/dsl/dependencies/DefaultDependencyHandlerCustomizer> (0x00000000f5c44f28) thrown at [D:\src\AOSP-openjdk-cygwin\jdk8u\hotspot\src\share\vm\classfile\systemDictionary.cpp, l
Event: 6.234 Thread 0x000000001795b000 Exception <a 'java/lang/ClassNotFoundException': org/gradle/api/internal/artifacts/dsl/dependencies/DefaultDependencyHandler_DecoratedCustomizer> (0x00000000f5cc9c68) thrown at [D:\src\AOSP-openjdk-cygwin\jdk8u\hotspot\src\share\vm\classfile\systemDiction

Events (10 events):
Event: 6.446 loading class org/gradle/internal/component/model/VariantResolveMetadata
Event: 6.446 loading class org/gradle/internal/component/model/VariantResolveMetadata done
Event: 6.447 loading class org/gradle/api/internal/WithEstimatedSize$Estimates
Event: 6.447 loading class org/gradle/api/internal/WithEstimatedSize$Estimates done
Event: 6.448 loading class org/gradle/api/internal/artifacts/ivyservice/resolveengine/graph/builder/ResolveState
Event: 6.448 loading class org/gradle/api/internal/artifacts/ivyservice/resolveengine/graph/builder/ResolveState done
Event: 6.448 loading class org/gradle/api/internal/artifacts/ivyservice/resolveengine/graph/selectors/ComponentStateFactory
Event: 6.448 loading class org/gradle/api/internal/artifacts/ivyservice/resolveengine/graph/selectors/ComponentStateFactory done
Event: 6.450 loading class org/gradle/api/internal/artifacts/ivyservice/resolveengine/ComponentResolutionState
Event: 6.450 loading class org/gradle/api/internal/artifacts/ivyservice/resolveengine/ComponentResolutionState done


Dynamic libraries:
0x00007ff7dad60000 - 0x00007ff7dad91000 	C:\Program Files\Android\Android Studio\jre\bin\java.exe
0x00007ffd27520000 - 0x00007ffd2770d000 	C:\Windows\SYSTEM32\ntdll.dll
0x00007ffd24d40000 - 0x00007ffd24df3000 	C:\Windows\System32\KERNEL32.DLL
0x00007ffd237c0000 - 0x00007ffd23a53000 	C:\Windows\System32\KERNELBASE.dll
0x00007ffd25340000 - 0x00007ffd253e3000 	C:\Windows\System32\ADVAPI32.dll
0x00007ffd24ef0000 - 0x00007ffd24f8e000 	C:\Windows\System32\msvcrt.dll
0x00007ffd27320000 - 0x00007ffd273be000 	C:\Windows\System32\sechost.dll
0x00007ffd273c0000 - 0x00007ffd274e2000 	C:\Windows\System32\RPCRT4.dll
0x00007ffd25070000 - 0x00007ffd25207000 	C:\Windows\System32\USER32.dll
0x00007ffd23c30000 - 0x00007ffd23c50000 	C:\Windows\System32\win32u.dll
0x00007ffd24f90000 - 0x00007ffd24fb9000 	C:\Windows\System32\GDI32.dll
0x00007ffd23a90000 - 0x00007ffd23c29000 	C:\Windows\System32\gdi32full.dll
0x00007ffd23c50000 - 0x00007ffd23cf0000 	C:\Windows\System32\msvcp_win.dll
0x00007ffd236c0000 - 0x00007ffd237ba000 	C:\Windows\System32\ucrtbase.dll
0x00007ffd16020000 - 0x00007ffd16299000 	C:\Windows\WinSxS\amd64_microsoft.windows.common-controls_6595b64144ccf1df_6.0.17763.678_none_05b74150071d72bf\COMCTL32.dll
0x00007ffd24780000 - 0x00007ffd24aac000 	C:\Windows\System32\combase.dll
0x00007ffd23da0000 - 0x00007ffd23e1e000 	C:\Windows\System32\bcryptPrimitives.dll
0x00007ffd24750000 - 0x00007ffd2477e000 	C:\Windows\System32\IMM32.DLL
0x0000000067390000 - 0x0000000067462000 	C:\Program Files\Android\Android Studio\jre\jre\bin\msvcr100.dll
0x0000000067580000 - 0x0000000067dc6000 	C:\Program Files\Android\Android Studio\jre\jre\bin\server\jvm.dll
0x00007ffd26e80000 - 0x00007ffd26e88000 	C:\Windows\System32\PSAPI.DLL
0x00007ffd215f0000 - 0x00007ffd215f9000 	C:\Windows\SYSTEM32\WSOCK32.dll
0x00007ffd253f0000 - 0x00007ffd2545d000 	C:\Windows\System32\WS2_32.dll
0x00007ffd21580000 - 0x00007ffd215a4000 	C:\Windows\SYSTEM32\WINMM.dll
0x00007ffd12fe0000 - 0x00007ffd12fea000 	C:\Windows\SYSTEM32\VERSION.dll
0x00007ffd21550000 - 0x00007ffd2157d000 	C:\Windows\SYSTEM32\WINMMBASE.dll
0x00007ffd23670000 - 0x00007ffd236ba000 	C:\Windows\System32\cfgmgr32.dll
0x00007ffd203a0000 - 0x00007ffd203af000 	C:\Program Files\Android\Android Studio\jre\jre\bin\verify.dll
0x00007ffd20370000 - 0x00007ffd20399000 	C:\Program Files\Android\Android Studio\jre\jre\bin\java.dll
0x00007ffd20350000 - 0x00007ffd20366000 	C:\Program Files\Android\Android Studio\jre\jre\bin\zip.dll
0x00007ffd25510000 - 0x00007ffd26a00000 	C:\Windows\System32\SHELL32.dll
0x00007ffd25460000 - 0x00007ffd25508000 	C:\Windows\System32\shcore.dll
0x00007ffd24000000 - 0x00007ffd2474a000 	C:\Windows\System32\windows.storage.dll
0x00007ffd235c0000 - 0x00007ffd235e4000 	C:\Windows\System32\profapi.dll
0x00007ffd23520000 - 0x00007ffd2357d000 	C:\Windows\System32\powrprof.dll
0x00007ffd272c0000 - 0x00007ffd27312000 	C:\Windows\System32\shlwapi.dll
0x00007ffd23580000 - 0x00007ffd23591000 	C:\Windows\System32\kernel.appcore.dll
0x00007ffd23650000 - 0x00007ffd23667000 	C:\Windows\System32\cryptsp.dll
0x00007ffd20330000 - 0x00007ffd2034a000 	C:\Program Files\Android\Android Studio\jre\jre\bin\net.dll
0x00007ffd22d90000 - 0x00007ffd22df7000 	C:\Windows\system32\mswsock.dll
0x00007ffd20310000 - 0x00007ffd20321000 	C:\Program Files\Android\Android Studio\jre\jre\bin\nio.dll
0x00007ffd203c0000 - 0x00007ffd203e6000 	C:\Users\Almas\.gradle\native\29\windows-amd64\native-platform.dll
0x00007ffd20300000 - 0x00007ffd2030d000 	C:\Program Files\Android\Android Studio\jre\jre\bin\management.dll
0x00007ffd22910000 - 0x00007ffd22943000 	C:\Windows\system32\rsaenh.dll
0x00007ffd23a60000 - 0x00007ffd23a86000 	C:\Windows\System32\bcrypt.dll
0x00007ffd23450000 - 0x00007ffd23478000 	C:\Windows\SYSTEM32\USERENV.dll
0x00007ffd22f60000 - 0x00007ffd22f6c000 	C:\Windows\SYSTEM32\CRYPTBASE.dll
0x00007ffd22ab0000 - 0x00007ffd22aed000 	C:\Windows\SYSTEM32\IPHLPAPI.DLL
0x00007ffd272a0000 - 0x00007ffd272a8000 	C:\Windows\System32\NSI.dll
0x00007ffd1d7c0000 - 0x00007ffd1d7d6000 	C:\Windows\SYSTEM32\dhcpcsvc6.DLL
0x00007ffd1d600000 - 0x00007ffd1d61c000 	C:\Windows\SYSTEM32\dhcpcsvc.DLL
