#
# A fatal error has been detected by the Java Runtime Environment:
#
#  EXCEPTION_ACCESS_VIOLATION (0xc0000005) at pc=0x0000000067828eab, pid=12664, tid=0x000000000000105c
#
# JRE version: OpenJDK Runtime Environment (8.0_202-b03) (build 1.8.0_202-release-1483-b03)
# Java VM: OpenJDK 64-Bit Server VM (25.202-b03 mixed mode windows-amd64 compressed oops)
# Problematic frame:
# V  [jvm.dll+0x2a8eab]
#
# Failed to write core dump. Minidumps are not enabled by default on client versions of Windows
#
# If you would like to submit a bug report, please visit:
#   http://bugreport.java.com/bugreport/crash.jsp
#

---------------  T H R E A D  ---------------

Current thread (0x00000000139b5800):  VMThread [stack: 0x0000000014a50000,0x0000000014b50000] [id=4188]

siginfo: ExceptionCode=0xc0000005, reading address 0x0000000000410008

Registers:
RAX=0x0000000003055460, RBX=0x0000000014b4efa0, RCX=0x0000000014b4efa0, RDX=0x0000000002f1e030
RSP=0x0000000014b4ef50, RBP=0x0000000000000000, RSI=0x0000000000000016, RDI=0x0000000067cf2598
R8 =0x0000000000410000, R9 =0x000000005b2d32f5, R10=0x0000000014b4f000, R11=0x0000000019069000
R12=0x0000000000000000, R13=0x0000000000000000, R14=0x0000000000000000, R15=0x0000000000000000
RIP=0x0000000067828eab, EFLAGS=0x0000000000010246

Top of Stack: (sp=0x0000000014b4ef50)
0x0000000014b4ef50:   0000000014b4efa0 0000000000000000
0x0000000014b4ef60:   0000000000000016 0000000019068f90
0x0000000014b4ef70:   0000000015b1c000 000000006779a4c4
0x0000000014b4ef80:   0000000015b1c000 0000000000000000
0x0000000014b4ef90:   0000000000000016 0000000000000000
0x0000000014b4efa0:   0000000019069010 000000005b2d32f5
0x0000000014b4efb0:   0000000000000000 0000000000000000
0x0000000014b4efc0:   0000000000410000 0000000019069010
0x0000000014b4efd0:   0000000019069010 000000005b2d32f5
0x0000000014b4efe0:   0000000000000000 0000000000000000
0x0000000014b4eff0:   0000000000410000 0000000019069010
0x0000000014b4f000:   0000000002e2f4e0 0000000002e2f4e0
0x0000000014b4f010:   0000000000000000 0000000000000000
0x0000000014b4f020:   0000000000000000 0000000000000000
0x0000000014b4f030:   0000000000000000 0000000000000000
0x0000000014b4f040:   0000000014b4f340 00000000677deb8d 

Instructions: (pc=0x0000000067828eab)
0x0000000067828e8b:   c3 48 83 79 10 00 74 11 48 8b d3 e8 75 fc ff ff
0x0000000067828e9b:   48 8b c3 48 83 c4 20 5b c3 4c 8b 41 20 48 8b cb
0x0000000067828eab:   4d 8b 48 08 49 8d 50 10 4d 8b 00 e8 95 bc d9 ff
0x0000000067828ebb:   48 8b c3 48 83 c4 20 5b c3 cc cc cc cc cc cc cc 


Register to memory mapping:

RAX=0x0000000003055460 is an unknown value
RBX=0x0000000014b4efa0 is an unknown value
RCX=0x0000000014b4efa0 is an unknown value
RDX=0x0000000002f1e030 is an unknown value
RSP=0x0000000014b4ef50 is an unknown value
RBP=0x0000000000000000 is an unknown value
RSI=0x0000000000000016 is an unknown value
RDI=0x0000000067cf2598 is an unknown value
R8 =0x0000000000410000 is an unknown value
R9 =0x000000005b2d32f5 is an unknown value
R10=0x0000000014b4f000 is an unknown value
R11=0x0000000019069000 is pointing into the stack for thread: 0x0000000015b1c000
R12=0x0000000000000000 is an unknown value
R13=0x0000000000000000 is an unknown value
R14=0x0000000000000000 is an unknown value
R15=0x0000000000000000 is an unknown value


Stack: [0x0000000014a50000,0x0000000014b50000],  sp=0x0000000014b4ef50,  free space=1019k
Native frames: (J=compiled Java code, j=interpreted, Vv=VM code, C=native code)


---------------  P R O C E S S  ---------------

Java Threads: ( => current thread )
  0x000000001623c000 JavaThread "Cache worker for journal cache (C:\Users\Almas\.gradle\caches\journal-1)" [_thread_blocked, id=11596, stack(0x0000000019570000,0x0000000019670000)]
  0x000000001623d800 JavaThread "File lock request listener" [_thread_in_native, id=8136, stack(0x0000000019470000,0x0000000019570000)]
  0x00000000168c0800 JavaThread "Cache worker for file hash cache (C:\Users\Almas\.gradle\caches\5.4.1\fileHashes)" [_thread_blocked, id=2952, stack(0x0000000019370000,0x0000000019470000)]
  0x00000000166fb000 JavaThread "Thread-9" [_thread_blocked, id=11776, stack(0x0000000019270000,0x0000000019370000)]
  0x00000000173ae800 JavaThread "Stdin handler" [_thread_blocked, id=11104, stack(0x0000000019170000,0x0000000019270000)]
  0x00000000173ae000 JavaThread "Asynchronous log dispatcher for DefaultDaemonConnection: socket connection from /127.0.0.1:51368 to /127.0.0.1:51369" [_thread_blocked, id=11584, stack(0x0000000019070000,0x0000000019170000)]
  0x0000000015b1c000 JavaThread "Daemon worker" [_thread_in_native, id=7924, stack(0x0000000018f70000,0x0000000019070000)]
  0x0000000015b1b000 JavaThread "Cancel handler" [_thread_blocked, id=696, stack(0x0000000018e70000,0x0000000018f70000)]
  0x0000000017402800 JavaThread "Handler for socket connection from /127.0.0.1:51368 to /127.0.0.1:51369" [_thread_in_native, id=10928, stack(0x0000000018b70000,0x0000000018c70000)]
  0x0000000017229800 JavaThread "Daemon" [_thread_blocked, id=8024, stack(0x0000000018a70000,0x0000000018b70000)]
  0x0000000017224000 JavaThread "Daemon periodic checks" [_thread_blocked, id=1404, stack(0x0000000018970000,0x0000000018a70000)]
  0x0000000017263800 JavaThread "Incoming local TCP Connector on port 51368" [_thread_in_native, id=10572, stack(0x0000000018730000,0x0000000018830000)]
  0x00000000178d9000 JavaThread "Daemon health stats" [_thread_blocked, id=1156, stack(0x00000000180f0000,0x00000000181f0000)]
  0x0000000013a4e800 JavaThread "Service Thread" daemon [_thread_blocked, id=11488, stack(0x0000000015750000,0x0000000015850000)]
  0x00000000139f3800 JavaThread "C1 CompilerThread2" daemon [_thread_blocked, id=8304, stack(0x0000000015250000,0x0000000015350000)]
  0x00000000139eb800 JavaThread "C2 CompilerThread1" daemon [_thread_in_native, id=11876, stack(0x0000000015150000,0x0000000015250000)]
  0x00000000139e9000 JavaThread "C2 CompilerThread0" daemon [_thread_in_native, id=13260, stack(0x0000000015050000,0x0000000015150000)]
  0x00000000139f6800 JavaThread "Attach Listener" daemon [_thread_blocked, id=4924, stack(0x0000000014f50000,0x0000000015050000)]
  0x00000000139f5800 JavaThread "Signal Dispatcher" daemon [_thread_blocked, id=8016, stack(0x0000000014e50000,0x0000000014f50000)]
  0x000000000300c000 JavaThread "Finalizer" daemon [_thread_blocked, id=11600, stack(0x0000000014c50000,0x0000000014d50000)]
  0x0000000003003000 JavaThread "Reference Handler" daemon [_thread_blocked, id=6652, stack(0x0000000014b50000,0x0000000014c50000)]
  0x0000000002f0d800 JavaThread "main" [_thread_blocked, id=11676, stack(0x0000000002d30000,0x0000000002e30000)]

Other Threads:
=>0x00000000139b5800 VMThread [stack: 0x0000000014a50000,0x0000000014b50000] [id=4188]
  0x000000001537c800 WatcherThread [stack: 0x0000000015850000,0x0000000015950000] [id=5604]

VM state:at safepoint (normal execution)

VM Mutex/Monitor currently owned by a thread:  ([mutex/lock_event])
[0x0000000002f0cd80] Safepoint_lock - owner thread: 0x00000000139b5800
[0x0000000002f0cc80] Threads_lock - owner thread: 0x00000000139b5800

heap address: 0x00000000f0000000, size: 256 MB, Compressed Oops mode: 32-bit
Narrow klass base: 0x0000000000000000, Narrow klass shift: 3
Compressed class space size: 1073741824 Address: 0x0000000100000000

Heap:
 PSYoungGen      total 38400K, used 37538K [0x00000000fab00000, 0x00000000fd580000, 0x0000000100000000)
  eden space 33280K, 97% used [0x00000000fab00000,0x00000000fcaaca80,0x00000000fcb80000)
  from space 5120K, 99% used [0x00000000fcb80000,0x00000000fd07c030,0x00000000fd080000)
  to   space 5120K, 0% used [0x00000000fd080000,0x00000000fd080000,0x00000000fd580000)
 ParOldGen       total 87552K, used 1888K [0x00000000f0000000, 0x00000000f5580000, 0x00000000fab00000)
  object space 87552K, 2% used [0x00000000f0000000,0x00000000f01d8278,0x00000000f5580000)
 Metaspace       used 16163K, capacity 16548K, committed 16896K, reserved 1062912K
  class space    used 2300K, capacity 2446K, committed 2560K, reserved 1048576K

Card table byte_map: [0x0000000002c40000,0x0000000002cd0000] byte_map_base: 0x00000000024c0000

Marking Bits: (ParMarkBitMap*) 0x0000000067d49f30
 Begin Bits: [0x00000000127d0000, 0x0000000012bd0000)
 End Bits:   [0x0000000012bd0000, 0x0000000012fd0000)

Polling page: 0x0000000001030000

CodeCache: size=245760Kb used=5189Kb max_used=5189Kb free=240570Kb
 bounds [0x0000000003010000, 0x0000000003530000, 0x0000000012010000]
 total_blobs=1888 nmethods=1493 adapters=308
 compilation: enabled

Compilation events (10 events):
Event: 3.348 Thread 0x00000000139f3800 1497       3       sun.misc.ProxyGenerator::access$900 (5 bytes)
Event: 3.349 Thread 0x00000000139f3800 nmethod 1497 0x0000000003520ed0 code [0x0000000003521040, 0x00000000035212a8]
Event: 3.350 Thread 0x00000000139f3800 1499       1       com.google.common.collect.RegularImmutableList::size (5 bytes)
Event: 3.350 Thread 0x00000000139f3800 nmethod 1499 0x0000000003521390 code [0x00000000035214e0, 0x00000000035215f0]
Event: 3.350 Thread 0x00000000139f3800 1501       3       com.google.common.base.Preconditions::checkPositionIndex (25 bytes)
Event: 3.350 Thread 0x00000000139f3800 nmethod 1501 0x0000000003521650 code [0x00000000035217c0, 0x0000000003521a58]
Event: 3.350 Thread 0x00000000139f3800 1500       3       com.google.common.base.Preconditions::checkPositionIndex (8 bytes)
Event: 3.351 Thread 0x00000000139f3800 nmethod 1500 0x0000000003521b50 code [0x0000000003521ce0, 0x0000000003521fd8]
Event: 3.472 Thread 0x00000000139f3800 1502       3       java.util.concurrent.locks.AbstractQueuedSynchronizer::setState (6 bytes)
Event: 3.472 Thread 0x00000000139f3800 nmethod 1502 0x0000000003522e10 code [0x0000000003522f60, 0x00000000035230b0]

GC Heap History (6 events):
Event: 1.187 GC heap before
{Heap before GC invocations=1 (full 0):
 PSYoungGen      total 38400K, used 33280K [0x00000000fab00000, 0x00000000fd580000, 0x0000000100000000)
  eden space 33280K, 100% used [0x00000000fab00000,0x00000000fcb80000,0x00000000fcb80000)
  from space 5120K, 0% used [0x00000000fd080000,0x00000000fd080000,0x00000000fd580000)
  to   space 5120K, 0% used [0x00000000fcb80000,0x00000000fcb80000,0x00000000fd080000)
 ParOldGen       total 87552K, used 0K [0x00000000f0000000, 0x00000000f5580000, 0x00000000fab00000)
  object space 87552K, 0% used [0x00000000f0000000,0x00000000f0000000,0x00000000f5580000)
 Metaspace       used 6639K, capacity 6784K, committed 7040K, reserved 1056768K
  class space    used 811K, capacity 844K, committed 896K, reserved 1048576K
Event: 1.192 GC heap after
Heap after GC invocations=1 (full 0):
 PSYoungGen      total 38400K, used 4117K [0x00000000fab00000, 0x00000000fd580000, 0x0000000100000000)
  eden space 33280K, 0% used [0x00000000fab00000,0x00000000fab00000,0x00000000fcb80000)
  from space 5120K, 80% used [0x00000000fcb80000,0x00000000fcf85670,0x00000000fd080000)
  to   space 5120K, 0% used [0x00000000fd080000,0x00000000fd080000,0x00000000fd580000)
 ParOldGen       total 87552K, used 8K [0x00000000f0000000, 0x00000000f5580000, 0x00000000fab00000)
  object space 87552K, 0% used [0x00000000f0000000,0x00000000f0002000,0x00000000f5580000)
 Metaspace       used 6639K, capacity 6784K, committed 7040K, reserved 1056768K
  class space    used 811K, capacity 844K, committed 896K, reserved 1048576K
}
Event: 1.801 GC heap before
{Heap before GC invocations=2 (full 0):
 PSYoungGen      total 38400K, used 37397K [0x00000000fab00000, 0x00000000fd580000, 0x0000000100000000)
  eden space 33280K, 100% used [0x00000000fab00000,0x00000000fcb80000,0x00000000fcb80000)
  from space 5120K, 80% used [0x00000000fcb80000,0x00000000fcf85670,0x00000000fd080000)
  to   space 5120K, 0% used [0x00000000fd080000,0x00000000fd080000,0x00000000fd580000)
 ParOldGen       total 87552K, used 8K [0x00000000f0000000, 0x00000000f5580000, 0x00000000fab00000)
  object space 87552K, 0% used [0x00000000f0000000,0x00000000f0002000,0x00000000f5580000)
 Metaspace       used 8960K, capacity 9188K, committed 9216K, reserved 1056768K
  class space    used 1171K, capacity 1258K, committed 1280K, reserved 1048576K
Event: 1.808 GC heap after
Heap after GC invocations=2 (full 0):
 PSYoungGen      total 38400K, used 4497K [0x00000000fab00000, 0x00000000fd580000, 0x0000000100000000)
  eden space 33280K, 0% used [0x00000000fab00000,0x00000000fab00000,0x00000000fcb80000)
  from space 5120K, 87% used [0x00000000fd080000,0x00000000fd4e45d0,0x00000000fd580000)
  to   space 5120K, 0% used [0x00000000fcb80000,0x00000000fcb80000,0x00000000fd080000)
 ParOldGen       total 87552K, used 16K [0x00000000f0000000, 0x00000000f5580000, 0x00000000fab00000)
  object space 87552K, 0% used [0x00000000f0000000,0x00000000f0004000,0x00000000f5580000)
 Metaspace       used 8960K, capacity 9188K, committed 9216K, reserved 1056768K
  class space    used 1171K, capacity 1258K, committed 1280K, reserved 1048576K
}
Event: 2.904 GC heap before
{Heap before GC invocations=3 (full 0):
 PSYoungGen      total 38400K, used 37777K [0x00000000fab00000, 0x00000000fd580000, 0x0000000100000000)
  eden space 33280K, 100% used [0x00000000fab00000,0x00000000fcb80000,0x00000000fcb80000)
  from space 5120K, 87% used [0x00000000fd080000,0x00000000fd4e45d0,0x00000000fd580000)
  to   space 5120K, 0% used [0x00000000fcb80000,0x00000000fcb80000,0x00000000fd080000)
 ParOldGen       total 87552K, used 16K [0x00000000f0000000, 0x00000000f5580000, 0x00000000fab00000)
  object space 87552K, 0% used [0x00000000f0000000,0x00000000f0004000,0x00000000f5580000)
 Metaspace       used 13348K, capacity 13652K, committed 13824K, reserved 1060864K
  class space    used 1847K, capacity 1988K, committed 2048K, reserved 1048576K
Event: 2.912 GC heap after
Heap after GC invocations=3 (full 0):
 PSYoungGen      total 38400K, used 5104K [0x00000000fab00000, 0x00000000fd580000, 0x0000000100000000)
  eden space 33280K, 0% used [0x00000000fab00000,0x00000000fab00000,0x00000000fcb80000)
  from space 5120K, 99% used [0x00000000fcb80000,0x00000000fd07c030,0x00000000fd080000)
  to   space 5120K, 0% used [0x00000000fd080000,0x00000000fd080000,0x00000000fd580000)
 ParOldGen       total 87552K, used 1888K [0x00000000f0000000, 0x00000000f5580000, 0x00000000fab00000)
  object space 87552K, 2% used [0x00000000f0000000,0x00000000f01d8278,0x00000000f5580000)
 Metaspace       used 13348K, capacity 13652K, committed 13824K, reserved 1060864K
  class space    used 1847K, capacity 1988K, committed 2048K, reserved 1048576K
}

Deoptimization events (10 events):
Event: 2.576 Thread 0x0000000017402800 Uncommon trap: reason=unstable_if action=reinterpret pc=0x00000000033cd8f0 method=java.util.concurrent.ConcurrentHashMap.putVal(Ljava/lang/Object;Ljava/lang/Object;Z)Ljava/lang/Object; @ 206
Event: 2.636 Thread 0x0000000015b1c000 Uncommon trap: reason=bimorphic action=maybe_recompile pc=0x00000000032bbe6c method=java.util.HashMap.putVal(ILjava/lang/Object;Ljava/lang/Object;ZZ)Ljava/lang/Object; @ 253
Event: 2.637 Thread 0x0000000015b1c000 Uncommon trap: reason=bimorphic action=maybe_recompile pc=0x00000000032bbe6c method=java.util.HashMap.putVal(ILjava/lang/Object;Ljava/lang/Object;ZZ)Ljava/lang/Object; @ 253
Event: 2.637 Thread 0x0000000015b1c000 Uncommon trap: reason=bimorphic action=maybe_recompile pc=0x00000000032bbe6c method=java.util.HashMap.putVal(ILjava/lang/Object;Ljava/lang/Object;ZZ)Ljava/lang/Object; @ 253
Event: 2.637 Thread 0x0000000015b1c000 Uncommon trap: reason=bimorphic action=maybe_recompile pc=0x00000000032c3f5c method=java.util.HashMap.putVal(ILjava/lang/Object;Ljava/lang/Object;ZZ)Ljava/lang/Object; @ 253
Event: 2.894 Thread 0x0000000015b1c000 Uncommon trap: reason=class_check action=maybe_recompile pc=0x00000000032e0918 method=java.util.regex.Matcher.match(II)Z @ 86
Event: 2.919 Thread 0x0000000015b1c000 Uncommon trap: reason=class_check action=maybe_recompile pc=0x00000000032e0918 method=java.util.regex.Matcher.match(II)Z @ 86
Event: 2.920 Thread 0x0000000015b1c000 Uncommon trap: reason=class_check action=maybe_recompile pc=0x00000000032e0918 method=java.util.regex.Matcher.match(II)Z @ 86
Event: 2.920 Thread 0x0000000015b1c000 Uncommon trap: reason=class_check action=maybe_recompile pc=0x00000000032a545c method=java.util.regex.Matcher.match(II)Z @ 86
Event: 3.204 Thread 0x0000000015b1c000 Uncommon trap: reason=unstable_if action=reinterpret pc=0x00000000033c54b4 method=java.lang.String.lastIndexOf([CII[CIII)I @ 66

Classes redefined (0 events):
No events

Internal exceptions (10 events):
Event: 1.781 Thread 0x0000000002f0d800 Exception <a 'java/lang/NoSuchFieldError': method resolution failed> (0x00000000fcb18a10) thrown at [D:\src\AOSP-openjdk-cygwin\jdk8u\hotspot\src\share\vm\prims\methodHandles.cpp, line 1167]
Event: 1.784 Thread 0x0000000002f0d800 Exception <a 'java/lang/NoSuchFieldError': method resolution failed> (0x00000000fcb26710) thrown at [D:\src\AOSP-openjdk-cygwin\jdk8u\hotspot\src\share\vm\prims\methodHandles.cpp, line 1167]
Event: 2.532 Thread 0x0000000002f0d800 Exception <a 'java/io/IOException'> (0x00000000fb2818d8) thrown at [D:\src\AOSP-openjdk-cygwin\jdk8u\hotspot\src\share\vm\prims\jni.cpp, line 710]
Event: 2.576 Thread 0x0000000017402800 Exception <a 'java/lang/NoSuchMethodError': <clinit>> (0x00000000fb49bbf0) thrown at [D:\src\AOSP-openjdk-cygwin\jdk8u\hotspot\src\share\vm\prims\jni.cpp, line 1614]
Event: 2.578 Thread 0x0000000017402800 Exception <a 'java/lang/NoSuchMethodError': <clinit>> (0x00000000fb4a59a0) thrown at [D:\src\AOSP-openjdk-cygwin\jdk8u\hotspot\src\share\vm\prims\jni.cpp, line 1614]
Event: 2.580 Thread 0x0000000017402800 Exception <a 'java/lang/NoSuchMethodError': <clinit>> (0x00000000fb4b9b50) thrown at [D:\src\AOSP-openjdk-cygwin\jdk8u\hotspot\src\share\vm\prims\jni.cpp, line 1614]
Event: 2.590 Thread 0x0000000017402800 Exception <a 'java/lang/NoSuchMethodError': <clinit>> (0x00000000fb514ae8) thrown at [D:\src\AOSP-openjdk-cygwin\jdk8u\hotspot\src\share\vm\prims\jni.cpp, line 1614]
Event: 2.597 Thread 0x0000000017402800 Exception <a 'java/lang/NoSuchMethodError': <clinit>> (0x00000000fb54c778) thrown at [D:\src\AOSP-openjdk-cygwin\jdk8u\hotspot\src\share\vm\prims\jni.cpp, line 1614]
Event: 2.604 Thread 0x0000000017402800 Exception <a 'java/lang/NoSuchMethodError': <clinit>> (0x00000000fb582698) thrown at [D:\src\AOSP-openjdk-cygwin\jdk8u\hotspot\src\share\vm\prims\jni.cpp, line 1614]
Event: 2.606 Thread 0x0000000017402800 Exception <a 'java/lang/NoSuchMethodError': <clinit>> (0x00000000fb58e180) thrown at [D:\src\AOSP-openjdk-cygwin\jdk8u\hotspot\src\share\vm\prims\jni.cpp, line 1614]

Events (10 events):
Event: 3.382 loading class org/objectweb/asm/SymbolTable$Entry
Event: 3.382 loading class org/objectweb/asm/SymbolTable$Entry done
Event: 3.384 loading class org/objectweb/asm/ByteVector
Event: 3.384 loading class org/objectweb/asm/ByteVector done
Event: 3.389 loading class org/objectweb/asm/Frame
Event: 3.389 loading class org/objectweb/asm/Frame done
Event: 3.390 loading class org/objectweb/asm/CurrentFrame
Event: 3.390 loading class org/objectweb/asm/CurrentFrame done
Event: 3.392 loading class org/objectweb/asm/MethodTooLargeException
Event: 3.392 loading class org/objectweb/asm/MethodTooLargeException done


Dynamic libraries:
0x00007ff7dad60000 - 0x00007ff7dad91000 	C:\Program Files\Android\Android Studio\jre\bin\java.exe
0x00007ffd27520000 - 0x00007ffd2770d000 	C:\Windows\SYSTEM32\ntdll.dll
0x00007ffd24d40000 - 0x00007ffd24df3000 	C:\Windows\System32\KERNEL32.DLL
0x00007ffd237c0000 - 0x00007ffd23a53000 	C:\Windows\System32\KERNELBASE.dll
0x00007ffd25340000 - 0x00007ffd253e3000 	C:\Windows\System32\ADVAPI32.dll
0x00007ffd24ef0000 - 0x00007ffd24f8e000 	C:\Windows\System32\msvcrt.dll
0x00007ffd27320000 - 0x00007ffd273be000 	C:\Windows\System32\sechost.dll
0x00007ffd273c0000 - 0x00007ffd274e2000 	C:\Windows\System32\RPCRT4.dll
0x00007ffd25070000 - 0x00007ffd25207000 	C:\Windows\System32\USER32.dll
0x00007ffd23c30000 - 0x00007ffd23c50000 	C:\Windows\System32\win32u.dll
0x00007ffd24f90000 - 0x00007ffd24fb9000 	C:\Windows\System32\GDI32.dll
0x00007ffd23a90000 - 0x00007ffd23c29000 	C:\Windows\System32\gdi32full.dll
0x00007ffd23c50000 - 0x00007ffd23cf0000 	C:\Windows\System32\msvcp_win.dll
0x00007ffd236c0000 - 0x00007ffd237ba000 	C:\Windows\System32\ucrtbase.dll
0x00007ffd16020000 - 0x00007ffd16299000 	C:\Windows\WinSxS\amd64_microsoft.windows.common-controls_6595b64144ccf1df_6.0.17763.678_none_05b74150071d72bf\COMCTL32.dll
0x00007ffd24780000 - 0x00007ffd24aac000 	C:\Windows\System32\combase.dll
0x00007ffd23da0000 - 0x00007ffd23e1e000 	C:\Windows\System32\bcryptPrimitives.dll
0x00007ffd24750000 - 0x00007ffd2477e000 	C:\Windows\System32\IMM32.DLL
0x0000000067390000 - 0x0000000067462000 	C:\Program Files\Android\Android Studio\jre\jre\bin\msvcr100.dll
0x0000000067580000 - 0x0000000067dc6000 	C:\Program Files\Android\Android Studio\jre\jre\bin\server\jvm.dll
0x00007ffd26e80000 - 0x00007ffd26e88000 	C:\Windows\System32\PSAPI.DLL
0x00007ffd21580000 - 0x00007ffd215a4000 	C:\Windows\SYSTEM32\WINMM.dll
0x00007ffd12fe0000 - 0x00007ffd12fea000 	C:\Windows\SYSTEM32\VERSION.dll
0x00007ffd215f0000 - 0x00007ffd215f9000 	C:\Windows\SYSTEM32\WSOCK32.dll
0x00007ffd253f0000 - 0x00007ffd2545d000 	C:\Windows\System32\WS2_32.dll
0x00007ffd21550000 - 0x00007ffd2157d000 	C:\Windows\SYSTEM32\winmmbase.dll
0x00007ffd23670000 - 0x00007ffd236ba000 	C:\Windows\System32\cfgmgr32.dll
0x00007ffd21600000 - 0x00007ffd2160f000 	C:\Program Files\Android\Android Studio\jre\jre\bin\verify.dll
0x00007ffd203d0000 - 0x00007ffd203f9000 	C:\Program Files\Android\Android Studio\jre\jre\bin\java.dll
0x00007ffd20330000 - 0x00007ffd20346000 	C:\Program Files\Android\Android Studio\jre\jre\bin\zip.dll
0x00007ffd25510000 - 0x00007ffd26a00000 	C:\Windows\System32\SHELL32.dll
0x00007ffd25460000 - 0x00007ffd25508000 	C:\Windows\System32\shcore.dll
0x00007ffd24000000 - 0x00007ffd2474a000 	C:\Windows\System32\windows.storage.dll
0x00007ffd235c0000 - 0x00007ffd235e4000 	C:\Windows\System32\profapi.dll
0x00007ffd23520000 - 0x00007ffd2357d000 	C:\Windows\System32\powrprof.dll
0x00007ffd272c0000 - 0x00007ffd27312000 	C:\Windows\System32\shlwapi.dll
0x00007ffd23580000 - 0x00007ffd23591000 	C:\Windows\System32\kernel.appcore.dll
0x00007ffd23650000 - 0x00007ffd23667000 	C:\Windows\System32\cryptsp.dll
0x00007ffd20310000 - 0x00007ffd2032a000 	C:\Program Files\Android\Android Studio\jre\jre\bin\net.dll
0x00007ffd22d90000 - 0x00007ffd22df7000 	C:\Windows\system32\mswsock.dll
0x00007ffd202f0000 - 0x00007ffd20301000 	C:\Program Files\Android\Android Studio\jre\jre\bin\nio.dll
0x00007ffd14120000 - 0x00007ffd14146000 	C:\Users\Almas\.gradle\native\29\windows-amd64\native-platform.dll
0x00007ffd203c0000 - 0x00007ffd203cd000 	C:\Program Files\Android\Android Studio\jre\jre\bin\management.dll
0x00007ffd22910000 - 0x00007ffd22943000 	C:\Windows\system32\rsaenh.dll
0x00007ffd23a60000 - 0x00007ffd23a86000 	C:\Windows\System32\bcrypt.dll
0x00007ffd23450000 - 0x00007ffd23478000 	C:\Windows\SYSTEM32\USERENV.dll
0x00007ffd22f60000 - 0x00007ffd22f6c000 	C:\Windows\SYSTEM32\CRYPTBASE.dll
0x00007ffd22ab0000 - 0x00007ffd22aed000 	C:\Windows\SYSTEM32\IPHLPAPI.DLL
0x00007ffd272a0000 - 0x00007ffd272a8000 	C:\Windows\System32\NSI.dll
0x00007ffd1d7c0000 - 0x00007ffd1d7d6000 	C:\Windows\SYSTEM32\dhcpcsvc6.DLL
0x00007ffd1d600000 - 0x00007ffd1d61c000 	C:\Windows\SYSTEM32\dhcpcsvc.DLL
0x00007ffd22af0000 - 0x00007ffd22bb6000 	C:\Windows\SYSTEM32\DNSAPI.dll
0x00007ffd149a0000 - 0x00007ffd14b8d000 	C:\Windows\SYSTEM32\dbghelp.dll

VM Arguments:
jvm_args: -XX:MaxHeapSize=256m -Xmx256m -Dfile.encoding=windows-1252 -Duser.country=US -Duser.language=en -Duser.variant 
java_command: org.gradle.launcher.daemon.bootstrap.GradleDaemon 5.4.1
java_class_path (initial): C:\Users\Almas\.gradle\wrapper\dists\gradle-5.4.1-all\3221gyojl5jsh0helicew7rwx\gradle-5.4.1\lib\gradle-launcher-5.4.1.jar
Launcher Type: SUN_STANDARD

Environment Variables:
PATH=C:\Program Files (x86)\Common Files\Oracle\Java\javapath;C:\Windows\system32;C:\Windows;C:\Windows\System32\Wbem;C:\Windows\System32\WindowsPowerShell\v1.0\;C:\Windows\System32\OpenSSH\;C:\Program Files\Git\cmd;C:\Users\Almas\AppData\Local\Microsoft\WindowsApps
USERNAME=Almas
OS=Windows_NT
PROCESSOR_IDENTIFIER=Intel64 Family 6 Model 61 Stepping 4, GenuineIntel



---------------  S Y S T E M  ---------------

OS: Windows 10.0 , 64 bit Build 17763 (10.0.17763.475)

CPU:total 4 (initial active 4) (2 cores per cpu, 2 threads per core) family 6 model 61 stepping 4, cmov, cx8, fxsr, mmx, sse, sse2, sse3, ssse3, sse4.1, sse4.2, popcnt, avx, avx2, aes, clmul, erms, 3dnowpref, lzcnt, ht, tsc, tscinvbit, bmi1, bmi2, adx

Memory: 4k page, physical 8301976k(3552560k free), swap 10268056k(4659840k free)

vm_info: OpenJDK 64-Bit Server VM (25.202-b03) for windows-amd64 JRE (1.8.0_202-release-1483-b03), built by "builder" with MS VC++ 10.0 (VS2010)

time: Sun Sep 08 09:35:21 2019
timezone: Bangladesh Standard Time
elapsed time: 5 seconds (0d 0h 0m 5s)

