#
# A fatal error has been detected by the Java Runtime Environment:
#
#  EXCEPTION_ACCESS_VIOLATION (0xc0000005) at pc=0x00000000175b4a70, pid=3656, tid=0x0000000000002c98
#
# JRE version: OpenJDK Runtime Environment (8.0_202-b03) (build 1.8.0_202-release-1483-b03)
# Java VM: OpenJDK 64-Bit Server VM (25.202-b03 mixed mode windows-amd64 compressed oops)
# Problematic frame:
# C  0x00000000175b4a70
#
# Failed to write core dump. Minidumps are not enabled by default on client versions of Windows
#
# If you would like to submit a bug report, please visit:
#   http://bugreport.java.com/bugreport/crash.jsp
#

---------------  T H R E A D  ---------------

Current thread (0x0000000017349000):  JavaThread "C2 CompilerThread1" daemon [_thread_in_native, id=11416, stack(0x0000000017a30000,0x0000000017b30000)]

siginfo: ExceptionCode=0xc0000005, ExceptionInformation=0x0000000000000008 0x00000000175b4a70

Registers:
RAX=0x000000010027b028, RBX=0x0000000000000017, RCX=0x000000001ffdf690, RDX=0x0000000000000000
RSP=0x0000000017b2be48, RBP=0x0000000017b2bf50, RSI=0x0000000000000011, RDI=0x000000001ddce090
R8 =0x0000000000000000, R9 =0x0000000000000000, R10=0x000000001f41e590, R11=0x0000000000000000
R12=0x000000001ddce0a0, R13=0x00000000213d1fe0, R14=0x0000000017b2c540, R15=0x000000001ffdf690
RIP=0x00000000175b4a70, EFLAGS=0x0000000000010293

Top of Stack: (sp=0x0000000017b2be48)
0x0000000017b2be48:   0000000067a6352b 0000000020cfac48
0x0000000017b2be58:   0000000000000088 0000000017b2bf50
0x0000000017b2be68:   0000000000000003 000000000000001c
0x0000000017b2be78:   0000000000001e30 000000001fb10f00
0x0000000017b2be88:   0000000017b2c100 0000000017b2c150
0x0000000017b2be98:   0000000000000088 0000000000000011
0x0000000017b2bea8:   000000001ddce090 000000000000001d
0x0000000017b2beb8:   000000000000001d 000000001cc95f80
0x0000000017b2bec8:   0000001d00000145 000015ec00000000
0x0000000017b2bed8:   0000000017b2c220 000000000000000f
0x0000000017b2bee8:   000000001de0fdf0 000000001ffdfb48
0x0000000017b2bef8:   000015ec00000145 0000000017b2c220
0x0000000017b2bf08:   000000000000000f 000000001db58fe0
0x0000000017b2bf18:   0000000000000088 00000000213d1fe0
0x0000000017b2bf28:   0000000017381f30 0000000000000088
0x0000000017b2bf38:   00000000000003d8 0000000017382308 

Instructions: (pc=0x00000000175b4a70)
0x00000000175b4a50:   cb 4c 41 5b cb 4c 41 5b cb 4c 41 5b 61 e6 fb 87
0x00000000175b4a60:   00 00 00 00 00 00 00 00 69 e2 a0 23 00 67 00 90
0x00000000175b4a70:   48 21 2f a0 00 00 00 00 90 38 6a a0 00 00 00 00
0x00000000175b4a80:   80 f3 5b 17 00 00 00 00 f0 f0 60 17 00 00 00 00 


Register to memory mapping:

RAX=0x000000010027b028 is pointing into metadata
RBX=0x0000000000000017 is an unknown value
RCX=0x000000001ffdf690 is pointing into metadata
RDX=0x0000000000000000 is an unknown value
RSP=0x0000000017b2be48 is pointing into the stack for thread: 0x0000000017349000
RBP=0x0000000017b2bf50 is pointing into the stack for thread: 0x0000000017349000
RSI=0x0000000000000011 is an unknown value
RDI=0x000000001ddce090 is an unknown value
R8 =0x0000000000000000 is an unknown value
R9 =0x0000000000000000 is an unknown value
R10=0x000000001f41e590 is an unknown value
R11=0x0000000000000000 is an unknown value
R12=0x000000001ddce0a0 is an unknown value
R13=0x00000000213d1fe0 is an unknown value
R14=0x0000000017b2c540 is pointing into the stack for thread: 0x0000000017349000
R15=0x000000001ffdf690 is pointing into metadata


Stack: [0x0000000017a30000,0x0000000017b30000],  sp=0x0000000017b2be48,  free space=1007k
Native frames: (J=compiled Java code, j=interpreted, Vv=VM code, C=native code)
C  0x00000000175b4a70


Current CompileTask:
C2:  13172 4230   !   4       com.sun.beans.TypeResolver::resolve (274 bytes)


---------------  P R O C E S S  ---------------

Java Threads: ( => current thread )
  0x000000001dfca800 JavaThread "Cache worker for Build Output Cleanup Cache (E:\Practices\Java\Android-Fundamentals\.gradle\buildOutputCleanup)" [_thread_blocked, id=2372, stack(0x0000000023170000,0x0000000023270000)]
  0x000000001dfc4800 JavaThread "pool-1-thread-1" [_thread_blocked, id=11560, stack(0x0000000021c70000,0x0000000021d70000)]
  0x00000000181ba800 JavaThread "Build operations Thread 4" [_thread_blocked, id=3984, stack(0x0000000021b70000,0x0000000021c70000)]
  0x00000000181b8000 JavaThread "Build operations Thread 3" [_thread_blocked, id=11364, stack(0x0000000021a70000,0x0000000021b70000)]
  0x000000001dcca800 JavaThread "Build operations Thread 2" [_thread_blocked, id=7484, stack(0x0000000021970000,0x0000000021a70000)]
  0x000000001dcc8000 JavaThread "Build operations" [_thread_blocked, id=944, stack(0x0000000021870000,0x0000000021970000)]
  0x000000001dcc6800 JavaThread "Cache worker for execution history cache (C:\Users\Almas\.gradle\caches\5.4.1\executionHistory)" [_thread_blocked, id=10256, stack(0x00000000203a0000,0x00000000204a0000)]
  0x000000001dcbb800 JavaThread "Cache worker for cache directory md-rule (C:\Users\Almas\.gradle\caches\5.4.1\md-rule)" [_thread_blocked, id=12356, stack(0x00000000202a0000,0x00000000203a0000)]
  0x000000001dcbc000 JavaThread "Cache worker for cache directory md-supplier (C:\Users\Almas\.gradle\caches\5.4.1\md-supplier)" [_thread_blocked, id=10868, stack(0x00000000201a0000,0x00000000202a0000)]
  0x000000001dcc2000 JavaThread "Cache worker for file hash cache (E:\Practices\Java\Android-Fundamentals\.gradle\5.4.1\fileHashes)" [_thread_blocked, id=11972, stack(0x000000001d610000,0x000000001d710000)]
  0x00000000181ba000 JavaThread "Cache worker for journal cache (C:\Users\Almas\.gradle\caches\journal-1)" [_thread_blocked, id=5652, stack(0x000000001c240000,0x000000001c340000)]
  0x00000000181bf000 JavaThread "File lock request listener" [_thread_in_native, id=11356, stack(0x000000001c140000,0x000000001c240000)]
  0x0000000019c1e000 JavaThread "Cache worker for file hash cache (C:\Users\Almas\.gradle\caches\5.4.1\fileHashes)" [_thread_blocked, id=8120, stack(0x000000001c040000,0x000000001c140000)]
  0x000000001857a800 JavaThread "Thread-9" [_thread_blocked, id=9316, stack(0x000000001bf40000,0x000000001c040000)]
  0x000000001757e800 JavaThread "Stdin handler" [_thread_blocked, id=5752, stack(0x000000001be40000,0x000000001bf40000)]
  0x0000000018c50000 JavaThread "Asynchronous log dispatcher for DefaultDaemonConnection: socket connection from /127.0.0.1:51448 to /127.0.0.1:51449" [_thread_blocked, id=8216, stack(0x000000001bd40000,0x000000001be40000)]
  0x0000000019166000 JavaThread "Daemon worker" [_thread_in_vm, id=3016, stack(0x000000001bc40000,0x000000001bd40000)]
  0x0000000018c14000 JavaThread "Cancel handler" [_thread_blocked, id=5740, stack(0x000000001bb40000,0x000000001bc40000)]
  0x0000000018861000 JavaThread "Handler for socket connection from /127.0.0.1:51448 to /127.0.0.1:51449" [_thread_in_native, id=8896, stack(0x000000001b840000,0x000000001b940000)]
  0x0000000018272000 JavaThread "Daemon" [_thread_blocked, id=10384, stack(0x000000001b740000,0x000000001b840000)]
  0x00000000182fe800 JavaThread "Daemon periodic checks" [_thread_blocked, id=13204, stack(0x000000001b640000,0x000000001b740000)]
  0x00000000187e6000 JavaThread "Incoming local TCP Connector on port 51448" [_thread_in_native, id=5108, stack(0x000000001b400000,0x000000001b500000)]
  0x000000001973a000 JavaThread "Daemon health stats" [_thread_blocked, id=12304, stack(0x000000001a7c0000,0x000000001a8c0000)]
  0x00000000173c2800 JavaThread "Service Thread" daemon [_thread_blocked, id=5512, stack(0x0000000017c30000,0x0000000017d30000)]
  0x000000001734e000 JavaThread "C1 CompilerThread2" daemon [_thread_blocked, id=3008, stack(0x0000000017b30000,0x0000000017c30000)]
=>0x0000000017349000 JavaThread "C2 CompilerThread1" daemon [_thread_in_native, id=11416, stack(0x0000000017a30000,0x0000000017b30000)]
  0x0000000017343000 JavaThread "C2 CompilerThread0" daemon [_thread_in_native, id=11960, stack(0x0000000017930000,0x0000000017a30000)]
  0x000000001733f800 JavaThread "Attach Listener" daemon [_thread_blocked, id=6600, stack(0x0000000017830000,0x0000000017930000)]
  0x000000001733d800 JavaThread "Signal Dispatcher" daemon [_thread_blocked, id=2540, stack(0x0000000017730000,0x0000000017830000)]
  0x0000000015f03800 JavaThread "Finalizer" daemon [_thread_blocked, id=4252, stack(0x0000000017130000,0x0000000017230000)]
  0x0000000015ef4000 JavaThread "Reference Handler" daemon [_thread_blocked, id=10272, stack(0x0000000017030000,0x0000000017130000)]
  0x0000000002475800 JavaThread "main" [_thread_blocked, id=10628, stack(0x0000000002370000,0x0000000002470000)]

Other Threads:
  0x0000000015ec3000 VMThread [stack: 0x0000000016f30000,0x0000000017030000] [id=11708]
  0x00000000173c7000 WatcherThread [stack: 0x0000000017d30000,0x0000000017e30000] [id=4312]

VM state:not at safepoint (normal execution)

VM Mutex/Monitor currently owned by a thread: None

heap address: 0x00000000a0000000, size: 1536 MB, Compressed Oops mode: 32-bit
Narrow klass base: 0x0000000000000000, Narrow klass shift: 3
Compressed class space size: 1073741824 Address: 0x0000000100000000

Heap:
 PSYoungGen      total 102912K, used 29218K [0x00000000e0000000, 0x00000000e7400000, 0x0000000100000000)
  eden space 91648K, 19% used [0x00000000e0000000,0x00000000e118d548,0x00000000e5980000)
  from space 11264K, 99% used [0x00000000e6600000,0x00000000e70fb5c0,0x00000000e7100000)
  to   space 12800K, 0% used [0x00000000e5980000,0x00000000e5980000,0x00000000e6600000)
 ParOldGen       total 93184K, used 18752K [0x00000000a0000000, 0x00000000a5b00000, 0x00000000e0000000)
  object space 93184K, 20% used [0x00000000a0000000,0x00000000a12503d8,0x00000000a5b00000)
 Metaspace       used 48418K, capacity 50008K, committed 50304K, reserved 1093632K
  class space    used 6548K, capacity 6970K, committed 7040K, reserved 1048576K

Card table byte_map: [0x0000000011930000,0x0000000011c40000] byte_map_base: 0x0000000011430000

Marking Bits: (ParMarkBitMap*) 0x0000000067d49f30
 Begin Bits: [0x0000000012240000, 0x0000000013a40000)
 End Bits:   [0x0000000013a40000, 0x0000000015240000)

Polling page: 0x0000000002060000

CodeCache: size=245760Kb used=13824Kb max_used=13824Kb free=231935Kb
 bounds [0x0000000002570000, 0x0000000003300000, 0x0000000011570000]
 total_blobs=4810 nmethods=4046 adapters=677
 compilation: enabled

Compilation events (10 events):
Event: 13.115 Thread 0x000000001734e000 4408       3       org.gradle.internal.MutableReference::empty (5 bytes)
Event: 13.115 Thread 0x000000001734e000 nmethod 4408 0x00000000032e1ad0 code [0x00000000032e1c40, 0x00000000032e1ed0]
Event: 13.115 Thread 0x000000001734e000 4409       3       org.gradle.internal.operations.DefaultBuildOperationExecutor$DefaultBuildOperationContext::<init> (5 bytes)
Event: 13.115 Thread 0x000000001734e000 nmethod 4409 0x00000000032e2010 code [0x00000000032e2180, 0x00000000032e2390]
Event: 13.115 Thread 0x000000001734e000 4410       3       org.gradle.internal.operations.DefaultBuildOperationExecutor$3::<init> (44 bytes)
Event: 13.116 Thread 0x000000001734e000 nmethod 4410 0x00000000032e2490 code [0x00000000032e25e0, 0x00000000032e2830]
Event: 13.116 Thread 0x000000001734e000 4411       3       org.gradle.api.internal.tasks.compile.tooling.JavaCompileTaskSuccessResultPostProcessor::started (72 bytes)
Event: 13.116 Thread 0x000000001734e000 nmethod 4411 0x00000000032e2910 code [0x00000000032e2ac0, 0x00000000032e33c8]
Event: 13.116 Thread 0x000000001734e000 4412       3       org.gradle.tooling.internal.provider.runner.BuildOperationParentTracker::started (26 bytes)
Event: 13.117 Thread 0x000000001734e000 nmethod 4412 0x00000000032e3550 code [0x00000000032e36c0, 0x00000000032e3ac8]

GC Heap History (10 events):
Event: 8.272 GC heap before
{Heap before GC invocations=10 (full 1):
 PSYoungGen      total 63488K, used 59843K [0x00000000e0000000, 0x00000000e4800000, 0x0000000100000000)
  eden space 54272K, 100% used [0x00000000e0000000,0x00000000e3500000,0x00000000e3500000)
  from space 9216K, 60% used [0x00000000e3f00000,0x00000000e4470c90,0x00000000e4800000)
  to   space 9728K, 0% used [0x00000000e3500000,0x00000000e3500000,0x00000000e3e80000)
 ParOldGen       total 57856K, used 8176K [0x00000000a0000000, 0x00000000a3880000, 0x00000000e0000000)
  object space 57856K, 14% used [0x00000000a0000000,0x00000000a07fc228,0x00000000a3880000)
 Metaspace       used 31458K, capacity 32050K, committed 32384K, reserved 1077248K
  class space    used 4408K, capacity 4624K, committed 4736K, reserved 1048576K
Event: 8.293 GC heap after
Heap after GC invocations=10 (full 1):
 PSYoungGen      total 64000K, used 8829K [0x00000000e0000000, 0x00000000e5e00000, 0x0000000100000000)
  eden space 54272K, 0% used [0x00000000e0000000,0x00000000e0000000,0x00000000e3500000)
  from space 9728K, 90% used [0x00000000e3500000,0x00000000e3d9f678,0x00000000e3e80000)
  to   space 10752K, 0% used [0x00000000e5380000,0x00000000e5380000,0x00000000e5e00000)
 ParOldGen       total 57856K, used 8184K [0x00000000a0000000, 0x00000000a3880000, 0x00000000e0000000)
  object space 57856K, 14% used [0x00000000a0000000,0x00000000a07fe228,0x00000000a3880000)
 Metaspace       used 31458K, capacity 32050K, committed 32384K, reserved 1077248K
  class space    used 4408K, capacity 4624K, committed 4736K, reserved 1048576K
}
Event: 9.537 GC heap before
{Heap before GC invocations=11 (full 1):
 PSYoungGen      total 64000K, used 61042K [0x00000000e0000000, 0x00000000e5e00000, 0x0000000100000000)
  eden space 54272K, 96% used [0x00000000e0000000,0x00000000e32fd370,0x00000000e3500000)
  from space 9728K, 90% used [0x00000000e3500000,0x00000000e3d9f678,0x00000000e3e80000)
  to   space 10752K, 0% used [0x00000000e5380000,0x00000000e5380000,0x00000000e5e00000)
 ParOldGen       total 57856K, used 8184K [0x00000000a0000000, 0x00000000a3880000, 0x00000000e0000000)
  object space 57856K, 14% used [0x00000000a0000000,0x00000000a07fe228,0x00000000a3880000)
 Metaspace       used 34530K, capacity 35428K, committed 35496K, reserved 1079296K
  class space    used 4773K, capacity 4960K, committed 4992K, reserved 1048576K
Event: 9.567 GC heap after
Heap after GC invocations=11 (full 1):
 PSYoungGen      total 85504K, used 7651K [0x00000000e0000000, 0x00000000e5e80000, 0x0000000100000000)
  eden space 74752K, 0% used [0x00000000e0000000,0x00000000e0000000,0x00000000e4900000)
  from space 10752K, 71% used [0x00000000e5380000,0x00000000e5af8d28,0x00000000e5e00000)
  to   space 10752K, 0% used [0x00000000e4900000,0x00000000e4900000,0x00000000e5380000)
 ParOldGen       total 57856K, used 11166K [0x00000000a0000000, 0x00000000a3880000, 0x00000000e0000000)
  object space 57856K, 19% used [0x00000000a0000000,0x00000000a0ae7978,0x00000000a3880000)
 Metaspace       used 34530K, capacity 35428K, committed 35496K, reserved 1079296K
  class space    used 4773K, capacity 4960K, committed 4992K, reserved 1048576K
}
Event: 9.567 GC heap before
{Heap before GC invocations=12 (full 2):
 PSYoungGen      total 85504K, used 7651K [0x00000000e0000000, 0x00000000e5e80000, 0x0000000100000000)
  eden space 74752K, 0% used [0x00000000e0000000,0x00000000e0000000,0x00000000e4900000)
  from space 10752K, 71% used [0x00000000e5380000,0x00000000e5af8d28,0x00000000e5e00000)
  to   space 10752K, 0% used [0x00000000e4900000,0x00000000e4900000,0x00000000e5380000)
 ParOldGen       total 57856K, used 11166K [0x00000000a0000000, 0x00000000a3880000, 0x00000000e0000000)
  object space 57856K, 19% used [0x00000000a0000000,0x00000000a0ae7978,0x00000000a3880000)
 Metaspace       used 34530K, capacity 35428K, committed 35496K, reserved 1079296K
  class space    used 4773K, capacity 4960K, committed 4992K, reserved 1048576K
Event: 9.721 GC heap after
Heap after GC invocations=12 (full 2):
 PSYoungGen      total 85504K, used 0K [0x00000000e0000000, 0x00000000e5e80000, 0x0000000100000000)
  eden space 74752K, 0% used [0x00000000e0000000,0x00000000e0000000,0x00000000e4900000)
  from space 10752K, 0% used [0x00000000e5380000,0x00000000e5380000,0x00000000e5e00000)
  to   space 10752K, 0% used [0x00000000e4900000,0x00000000e4900000,0x00000000e5380000)
 ParOldGen       total 93184K, used 17599K [0x00000000a0000000, 0x00000000a5b00000, 0x00000000e0000000)
  object space 93184K, 18% used [0x00000000a0000000,0x00000000a112fcf8,0x00000000a5b00000)
 Metaspace       used 34530K, capacity 35428K, committed 35496K, reserved 1079296K
  class space    used 4773K, capacity 4960K, committed 4992K, reserved 1048576K
}
Event: 11.408 GC heap before
{Heap before GC invocations=13 (full 2):
 PSYoungGen      total 85504K, used 74752K [0x00000000e0000000, 0x00000000e5e80000, 0x0000000100000000)
  eden space 74752K, 100% used [0x00000000e0000000,0x00000000e4900000,0x00000000e4900000)
  from space 10752K, 0% used [0x00000000e5380000,0x00000000e5380000,0x00000000e5e00000)
  to   space 10752K, 0% used [0x00000000e4900000,0x00000000e4900000,0x00000000e5380000)
 ParOldGen       total 93184K, used 17599K [0x00000000a0000000, 0x00000000a5b00000, 0x00000000e0000000)
  object space 93184K, 18% used [0x00000000a0000000,0x00000000a112fcf8,0x00000000a5b00000)
 Metaspace       used 42039K, capacity 43294K, committed 43520K, reserved 1087488K
  class space    used 5730K, capacity 6024K, committed 6144K, reserved 1048576K
Event: 11.423 GC heap after
Heap after GC invocations=13 (full 2):
 PSYoungGen      total 85504K, used 9002K [0x00000000e0000000, 0x00000000e7100000, 0x0000000100000000)
  eden space 74752K, 0% used [0x00000000e0000000,0x00000000e0000000,0x00000000e4900000)
  from space 10752K, 83% used [0x00000000e4900000,0x00000000e51cab40,0x00000000e5380000)
  to   space 11264K, 0% used [0x00000000e6600000,0x00000000e6600000,0x00000000e7100000)
 ParOldGen       total 93184K, used 17607K [0x00000000a0000000, 0x00000000a5b00000, 0x00000000e0000000)
  object space 93184K, 18% used [0x00000000a0000000,0x00000000a1131cf8,0x00000000a5b00000)
 Metaspace       used 42039K, capacity 43294K, committed 43520K, reserved 1087488K
  class space    used 5730K, capacity 6024K, committed 6144K, reserved 1048576K
}
Event: 12.625 GC heap before
{Heap before GC invocations=14 (full 2):
 PSYoungGen      total 85504K, used 83754K [0x00000000e0000000, 0x00000000e7100000, 0x0000000100000000)
  eden space 74752K, 100% used [0x00000000e0000000,0x00000000e4900000,0x00000000e4900000)
  from space 10752K, 83% used [0x00000000e4900000,0x00000000e51cab40,0x00000000e5380000)
  to   space 11264K, 0% used [0x00000000e6600000,0x00000000e6600000,0x00000000e7100000)
 ParOldGen       total 93184K, used 17607K [0x00000000a0000000, 0x00000000a5b00000, 0x00000000e0000000)
  object space 93184K, 18% used [0x00000000a0000000,0x00000000a1131cf8,0x00000000a5b00000)
 Metaspace       used 46000K, capacity 47364K, committed 47616K, reserved 1089536K
  class space    used 6227K, capacity 6580K, committed 6656K, reserved 1048576K
Event: 12.648 GC heap after
Heap after GC invocations=14 (full 2):
 PSYoungGen      total 102912K, used 11245K [0x00000000e0000000, 0x00000000e7400000, 0x0000000100000000)
  eden space 91648K, 0% used [0x00000000e0000000,0x00000000e0000000,0x00000000e5980000)
  from space 11264K, 99% used [0x00000000e6600000,0x00000000e70fb5c0,0x00000000e7100000)
  to   space 12800K, 0% used [0x00000000e5980000,0x00000000e5980000,0x00000000e6600000)
 ParOldGen       total 93184K, used 18752K [0x00000000a0000000, 0x00000000a5b00000, 0x00000000e0000000)
  object space 93184K, 20% used [0x00000000a0000000,0x00000000a12503d8,0x00000000a5b00000)
 Metaspace       used 46000K, capacity 47364K, committed 47616K, reserved 1089536K
  class space    used 6227K, capacity 6580K, committed 6656K, reserved 1048576K
}

Deoptimization events (10 events):
Event: 11.722 Thread 0x0000000019166000 Uncommon trap: reason=unstable_if action=reinterpret pc=0x000000000269c270 method=org.objectweb.asm.ByteVector.putUTF8(Ljava/lang/String;)Lorg/objectweb/asm/ByteVector; @ 93
Event: 11.725 Thread 0x0000000019166000 Uncommon trap: reason=range_check action=make_not_entrant pc=0x0000000003122a24 method=java.lang.String.charAt(I)C @ 27
Event: 11.868 Thread 0x0000000019166000 Uncommon trap: reason=unstable_if action=reinterpret pc=0x00000000030b8274 method=java.util.concurrent.ConcurrentHashMap.addCount(JI)V @ 110
Event: 11.876 Thread 0x0000000019166000 Uncommon trap: reason=unstable_if action=reinterpret pc=0x0000000002d7c670 method=org.objectweb.asm.ByteVector.putUTF8(Ljava/lang/String;)Lorg/objectweb/asm/ByteVector; @ 93
Event: 11.905 Thread 0x0000000019166000 Uncommon trap: reason=null_check action=make_not_entrant pc=0x000000000311b9e0 method=java.lang.ThreadLocal$ThreadLocalMap.getEntryAfterMiss(Ljava/lang/ThreadLocal;ILjava/lang/ThreadLocal$ThreadLocalMap$Entry;)Ljava/lang/ThreadLocal$ThreadLocalMap$Entry; 
Event: 11.926 Thread 0x0000000019166000 Uncommon trap: reason=unstable_if action=reinterpret pc=0x00000000030af804 method=java.util.concurrent.ConcurrentHashMap.addCount(JI)V @ 110
Event: 12.351 Thread 0x0000000019166000 Uncommon trap: reason=unstable_if action=reinterpret pc=0x00000000030ffa3c method=org.gradle.internal.reflect.PropertyAccessorType.of(Ljava/lang/reflect/Method;)Lorg/gradle/internal/reflect/PropertyAccessorType; @ 56
Event: 12.440 Thread 0x0000000019166000 Uncommon trap: reason=unstable_if action=reinterpret pc=0x00000000030452cc method=groovy.lang.MetaClassImpl.checkIfStdMethod(Lgroovy/lang/MetaMethod;)V @ 55
Event: 12.488 Thread 0x0000000019166000 Uncommon trap: reason=unstable_if action=reinterpret pc=0x0000000002f25324 method=org.codehaus.groovy.runtime.metaclass.MetaMethodIndex.isNonRealMethod(Lgroovy/lang/MetaMethod;)Z @ 4
Event: 12.488 Thread 0x0000000019166000 Uncommon trap: reason=unstable_if action=reinterpret pc=0x00000000030037b0 method=groovy.lang.MetaClassImpl$1MOPIter.methodNameAction(Ljava/lang/Class;Lorg/codehaus/groovy/runtime/metaclass/MetaMethodIndex$Entry;)V @ 182

Classes redefined (0 events):
No events

Internal exceptions (10 events):
Event: 12.686 Thread 0x0000000019166000 Exception <a 'java/lang/ClassNotFoundException': org/gradle/api/internal/file/CompositeFileTreeCustomizer> (0x00000000e041f070) thrown at [D:\src\AOSP-openjdk-cygwin\jdk8u\hotspot\src\share\vm\classfile\systemDictionary.cpp, line 210]
Event: 12.688 Thread 0x0000000019166000 Exception <a 'java/lang/ClassNotFoundException': org/gradle/api/internal/file/collections/DefaultConfigurableFileTreeCustomizer> (0x00000000e046d168) thrown at [D:\src\AOSP-openjdk-cygwin\jdk8u\hotspot\src\share\vm\classfile\systemDictionary.cpp, line 210
Event: 12.999 Thread 0x0000000019166000 Exception <a 'java/lang/ClassNotFoundException': org/gradle/api/plugins/internal/DefaultBasePluginConventionBeanInfo> (0x00000000e0cfc748) thrown at [D:\src\AOSP-openjdk-cygwin\jdk8u\hotspot\src\share\vm\classfile\systemDictionary.cpp, line 210]
Event: 13.000 Thread 0x0000000019166000 Exception <a 'java/lang/ClassNotFoundException': org/gradle/api/plugins/BasePluginConventionBeanInfo> (0x00000000e0d223a8) thrown at [D:\src\AOSP-openjdk-cygwin\jdk8u\hotspot\src\share\vm\classfile\systemDictionary.cpp, line 210]
Event: 13.001 Thread 0x0000000019166000 Exception <a 'java/lang/ClassNotFoundException': org/gradle/api/plugins/BasePluginConventionCustomizer> (0x00000000e0d48960) thrown at [D:\src\AOSP-openjdk-cygwin\jdk8u\hotspot\src\share\vm\classfile\systemDictionary.cpp, line 210]
Event: 13.012 Thread 0x0000000019166000 Exception <a 'java/lang/ClassNotFoundException': org/gradle/api/plugins/internal/DefaultBasePluginConventionCustomizer> (0x00000000e0d882c8) thrown at [D:\src\AOSP-openjdk-cygwin\jdk8u\hotspot\src\share\vm\classfile\systemDictionary.cpp, line 210]
Event: 13.025 Thread 0x0000000019166000 Exception <a 'java/lang/NoSuchMethodError': java.lang.Object.lambda$comparing$77a9974f$1(Ljava/util/function/Function;Ljava/lang/Object;Ljava/lang/Object;)I> (0x00000000e0dff4c8) thrown at [D:\src\AOSP-openjdk-cygwin\jdk8u\hotspot\src\share\vm\interpreter
Event: 13.027 Thread 0x0000000019166000 Exception <a 'java/lang/NoSuchMethodError': java.lang.Object.lambda$comparingInt$7b0bb60$1(Ljava/util/function/ToIntFunction;Ljava/lang/Object;Ljava/lang/Object;)I> (0x00000000e0e09ab0) thrown at [D:\src\AOSP-openjdk-cygwin\jdk8u\hotspot\src\share\vm\inte
Event: 13.028 Thread 0x0000000019166000 Exception <a 'java/lang/NoSuchMethodError': java.lang.Object.lambda$thenComparing$36697e65$1(Ljava/util/Comparator;Ljava/lang/Object;Ljava/lang/Object;)I> (0x00000000e0e12638) thrown at [D:\src\AOSP-openjdk-cygwin\jdk8u\hotspot\src\share\vm\interpreter\li
Event: 13.031 Thread 0x0000000019166000 Exception <a 'java/lang/NoSuchMethodError': java.lang.Object.lambda$comparing$ea9a8b3a$1(Ljava/util/Comparator;Ljava/util/function/Function;Ljava/lang/Object;Ljava/lang/Object;)I> (0x00000000e0e200e8) thrown at [D:\src\AOSP-openjdk-cygwin\jdk8u\hotspot\sr

Events (10 events):
Event: 13.102 loading class com/google/wireless/android/sdk/stats/GradleBuildVariant$DexMergerTool$1
Event: 13.102 loading class com/google/wireless/android/sdk/stats/GradleBuildVariant$DexMergerTool$1 done
Event: 13.102 loading class com/google/wireless/android/sdk/stats/TestRun$TestExecution
Event: 13.102 loading class com/google/wireless/android/sdk/stats/TestRun$TestExecution done
Event: 13.103 loading class com/google/wireless/android/sdk/stats/TestRun$TestExecution$1
Event: 13.104 loading class com/google/wireless/android/sdk/stats/TestRun$TestExecution$1 done
Event: 13.105 loading class com/android/build/gradle/internal/VariantManager
Event: 13.105 loading class com/android/build/gradle/internal/VariantManager done
Event: 13.108 loading class com/android/build/gradle/internal/core/GradleVariantConfiguration
Event: 13.108 loading class com/android/build/gradle/internal/core/GradleVariantConfiguration done


Dynamic libraries:
0x00007ff7dad60000 - 0x00007ff7dad91000 	C:\Program Files\Android\Android Studio\jre\bin\java.exe
0x00007ffd27520000 - 0x00007ffd2770d000 	C:\Windows\SYSTEM32\ntdll.dll
0x00007ffd24d40000 - 0x00007ffd24df3000 	C:\Windows\System32\KERNEL32.DLL
0x00007ffd237c0000 - 0x00007ffd23a53000 	C:\Windows\System32\KERNELBASE.dll
0x00007ffd21720000 - 0x00007ffd217ac000 	C:\Windows\SYSTEM32\apphelp.dll
0x00007ffcc5ca0000 - 0x00007ffcc6131000 	C:\Windows\SYSTEM32\AcLayers.DLL
0x00007ffd24ef0000 - 0x00007ffd24f8e000 	C:\Windows\System32\msvcrt.dll
0x00007ffd25070000 - 0x00007ffd25207000 	C:\Windows\System32\USER32.dll
0x00007ffd23c30000 - 0x00007ffd23c50000 	C:\Windows\System32\win32u.dll
0x00007ffd24f90000 - 0x00007ffd24fb9000 	C:\Windows\System32\GDI32.dll
0x00007ffd23a90000 - 0x00007ffd23c29000 	C:\Windows\System32\gdi32full.dll
0x00007ffd23c50000 - 0x00007ffd23cf0000 	C:\Windows\System32\msvcp_win.dll
0x00007ffd236c0000 - 0x00007ffd237ba000 	C:\Windows\System32\ucrtbase.dll
0x00007ffd272c0000 - 0x00007ffd27312000 	C:\Windows\System32\SHLWAPI.dll
0x00007ffd24780000 - 0x00007ffd24aac000 	C:\Windows\System32\combase.dll
0x00007ffd273c0000 - 0x00007ffd274e2000 	C:\Windows\System32\RPCRT4.dll
0x00007ffd23da0000 - 0x00007ffd23e1e000 	C:\Windows\System32\bcryptPrimitives.dll
0x00007ffd25340000 - 0x00007ffd253e3000 	C:\Windows\System32\ADVAPI32.dll
0x00007ffd27320000 - 0x00007ffd273be000 	C:\Windows\System32\sechost.dll
0x00000000001a0000 - 0x00000000001a3000 	C:\Windows\SYSTEM32\sfc.dll
0x00007ffd167b0000 - 0x00007ffd16839000 	C:\Windows\SYSTEM32\WINSPOOL.DRV
0x00007ffd23580000 - 0x00007ffd23591000 	C:\Windows\System32\kernel.appcore.dll
0x00007ffd23a60000 - 0x00007ffd23a86000 	C:\Windows\System32\bcrypt.dll
0x00007ffd1f6d0000 - 0x00007ffd1f878000 	C:\Windows\SYSTEM32\PROPSYS.dll
0x00007ffd24e20000 - 0x00007ffd24ee4000 	C:\Windows\System32\OLEAUT32.dll
0x00007ffd25460000 - 0x00007ffd25508000 	C:\Windows\System32\shcore.dll
0x00007ffd22ab0000 - 0x00007ffd22aed000 	C:\Windows\SYSTEM32\IPHLPAPI.DLL
0x00007ffd0e280000 - 0x00007ffd0e292000 	C:\Windows\SYSTEM32\sfc_os.DLL
0x00007ffd24750000 - 0x00007ffd2477e000 	C:\Windows\System32\IMM32.DLL
0x00007ffd16020000 - 0x00007ffd16299000 	C:\Windows\WinSxS\amd64_microsoft.windows.common-controls_6595b64144ccf1df_6.0.17763.678_none_05b74150071d72bf\COMCTL32.dll
0x0000000067390000 - 0x0000000067462000 	C:\Program Files\Android\Android Studio\jre\jre\bin\msvcr100.dll
0x0000000067580000 - 0x0000000067dc6000 	C:\Program Files\Android\Android Studio\jre\jre\bin\server\jvm.dll
0x00007ffd26e80000 - 0x00007ffd26e88000 	C:\Windows\System32\PSAPI.DLL
0x00007ffd215f0000 - 0x00007ffd215f9000 	C:\Windows\SYSTEM32\WSOCK32.dll
0x00007ffd21580000 - 0x00007ffd215a4000 	C:\Windows\SYSTEM32\WINMM.dll
0x00007ffd12fe0000 - 0x00007ffd12fea000 	C:\Windows\SYSTEM32\VERSION.dll
0x00007ffd253f0000 - 0x00007ffd2545d000 	C:\Windows\System32\WS2_32.dll
0x00007ffd21550000 - 0x00007ffd2157d000 	C:\Windows\SYSTEM32\winmmbase.dll
0x00007ffd23670000 - 0x00007ffd236ba000 	C:\Windows\System32\cfgmgr32.dll
0x00007ffd21600000 - 0x00007ffd2160f000 	C:\Program Files\Android\Android Studio\jre\jre\bin\verify.dll
0x00007ffd203d0000 - 0x00007ffd203f9000 	C:\Program Files\Android\Android Studio\jre\jre\bin\java.dll
0x00007ffd20330000 - 0x00007ffd20346000 	C:\Program Files\Android\Android Studio\jre\jre\bin\zip.dll
0x00007ffd25510000 - 0x00007ffd26a00000 	C:\Windows\System32\SHELL32.dll
0x00007ffd24000000 - 0x00007ffd2474a000 	C:\Windows\System32\windows.storage.dll
0x00007ffd235c0000 - 0x00007ffd235e4000 	C:\Windows\System32\profapi.dll
0x00007ffd23520000 - 0x00007ffd2357d000 	C:\Windows\System32\powrprof.dll
0x00007ffd23650000 - 0x00007ffd23667000 	C:\Windows\System32\cryptsp.dll
0x00007ffd20310000 - 0x00007ffd2032a000 	C:\Program Files\Android\Android Studio\jre\jre\bin\net.dll
0x00007ffd22d90000 - 0x00007ffd22df7000 	C:\Windows\system32\mswsock.dll
0x00007ffd202f0000 - 0x00007ffd20301000 	C:\Program Files\Android\Android Studio\jre\jre\bin\nio.dll
0x00007ffd14120000 - 0x00007ffd14146000 	C:\Users\Almas\.gradle\native\29\windows-amd64\native-platform.dll
0x00007ffd203c0000 - 0x00007ffd203cd000 	C:\Program Files\Android\Android Studio\jre\jre\bin\management.dll
0x00007ffd22910000 - 0x00007ffd22943000 	C:\Windows\system32\rsaenh.dll
0x00007ffd23450000 - 0x00007ffd23478000 	C:\Windows\SYSTEM32\USERENV.dll
0x00007ffd22f60000 - 0x00007ffd22f6c000 	C:\Windows\SYSTEM32\CRYPTBASE.dll
0x00007ffd272a0000 - 0x00007ffd272a8000 	C:\Windows\System32\NSI.dll
0x00007ffd1d7c0000 - 0x00007ffd1d7d6000 	C:\Windows\SYSTEM32\dhcpcsvc6.DLL
0x00007ffd1d600000 - 0x00007ffd1d61c000 	C:\Windows\SYSTEM32\dhcpcsvc.DLL
0x00007ffd22af0000 - 0x00007ffd22bb6000 	C:\Windows\SYSTEM32\DNSAPI.dll
0x00007ffd149a0000 - 0x00007ffd14b8d000 	C:\Windows\SYSTEM32\dbghelp.dll

VM Arguments:
jvm_args: -Xmx1536m -Dfile.encoding=windows-1252 -Duser.country=US -Duser.language=en -Duser.variant 
java_command: org.gradle.launcher.daemon.bootstrap.GradleDaemon 5.4.1
java_class_path (initial): C:\Users\Almas\.gradle\wrapper\dists\gradle-5.4.1-all\3221gyojl5jsh0helicew7rwx\gradle-5.4.1\lib\gradle-launcher-5.4.1.jar
Launcher Type: SUN_STANDARD

Environment Variables:
PATH=C:\Program Files (x86)\Common Files\Oracle\Java\javapath;C:\Windows\system32;C:\Windows;C:\Windows\System32\Wbem;C:\Windows\System32\WindowsPowerShell\v1.0\;C:\Windows\System32\OpenSSH\;C:\Program Files\Git\cmd;C:\Users\Almas\AppData\Local\Microsoft\WindowsApps
USERNAME=Almas
OS=Windows_NT
PROCESSOR_IDENTIFIER=Intel64 Family 6 Model 61 Stepping 4, GenuineIntel



---------------  S Y S T E M  ---------------

OS: Windows 10.0 , 64 bit Build 17763 (10.0.17763.475)

CPU:total 4 (initial active 4) (2 cores per cpu, 2 threads per core) family 6 model 61 stepping 4, cmov, cx8, fxsr, mmx, sse, sse2, sse3, ssse3, sse4.1, sse4.2, popcnt, avx, avx2, aes, clmul, erms, 3dnowpref, lzcnt, ht, tsc, tscinvbit, bmi1, bmi2, adx

Memory: 4k page, physical 8301976k(3775268k free), swap 10268056k(4895768k free)

vm_info: OpenJDK 64-Bit Server VM (25.202-b03) for windows-amd64 JRE (1.8.0_202-release-1483-b03), built by "builder" with MS VC++ 10.0 (VS2010)

time: Sun Sep 08 09:37:28 2019
timezone: Bangladesh Standard Time
elapsed time: 13 seconds (0d 0h 0m 13s)

