#
# A fatal error has been detected by the Java Runtime Environment:
#
#  EXCEPTION_ACCESS_VIOLATION (0xc0000005) at pc=0x0000000067828eab, pid=13260, tid=0x0000000000002158
#
# JRE version: OpenJDK Runtime Environment (8.0_202-b03) (build 1.8.0_202-release-1483-b03)
# Java VM: OpenJDK 64-Bit Server VM (25.202-b03 mixed mode windows-amd64 compressed oops)
# Problematic frame:
# V  [jvm.dll+0x2a8eab]
#
# Failed to write core dump. Minidumps are not enabled by default on client versions of Windows
#
# If you would like to submit a bug report, please visit:
#   http://bugreport.java.com/bugreport/crash.jsp
#

---------------  T H R E A D  ---------------

Current thread (0x00000000169d6800):  VMThread [stack: 0x0000000017a70000,0x0000000017b70000] [id=8536]

siginfo: ExceptionCode=0xc0000005, reading address 0x0000000000000008

Registers:
RAX=0x00000000030a061a, RBX=0x0000000017b6ee60, RCX=0x0000000017b6ee60, RDX=0x0000000002fadd50
RSP=0x0000000017b6ee10, RBP=0x0000000000000000, RSI=0x0000000000000016, RDI=0x0000000067cf2598
R8 =0x0000000000000000, R9 =0x0000000000000000, R10=0x0000000017b6eec0, R11=0x000000001b0b9060
R12=0x0000000000000000, R13=0x0000000000000000, R14=0x0000000000000000, R15=0x0000000000000000
RIP=0x0000000067828eab, EFLAGS=0x0000000000010246

Top of Stack: (sp=0x0000000017b6ee10)
0x0000000017b6ee10:   0000000017b6ee60 0000000000000000
0x0000000017b6ee20:   0000000000000016 000000001b0b8ff0
0x0000000017b6ee30:   00000000199a9000 000000006779a4c4
0x0000000017b6ee40:   00000000199a9000 0000000000000000
0x0000000017b6ee50:   0000000000000016 000000006760b17f
0x0000000017b6ee60:   000000001b0b9070 0000000000000000
0x0000000017b6ee70:   0000000000000000 0000000000000000
0x0000000017b6ee80:   0000000000000000 000000001b0b9070
0x0000000017b6ee90:   000000001b0b9070 0000000000000000
0x0000000017b6eea0:   0000000000000000 0000000000000000
0x0000000017b6eeb0:   0000000000000000 000000001b0b9070
0x0000000017b6eec0:   0000000000000000 0000000000000000
0x0000000017b6eed0:   0000000000000000 0000000000000000
0x0000000017b6eee0:   0000000000000000 0000000000000000
0x0000000017b6eef0:   0000000000000000 0000000000000000
0x0000000017b6ef00:   0000000017b6f200 00000000677deb8d 

Instructions: (pc=0x0000000067828eab)
0x0000000067828e8b:   c3 48 83 79 10 00 74 11 48 8b d3 e8 75 fc ff ff
0x0000000067828e9b:   48 8b c3 48 83 c4 20 5b c3 4c 8b 41 20 48 8b cb
0x0000000067828eab:   4d 8b 48 08 49 8d 50 10 4d 8b 00 e8 95 bc d9 ff
0x0000000067828ebb:   48 8b c3 48 83 c4 20 5b c3 cc cc cc cc cc cc cc 


Register to memory mapping:

RAX=0x00000000030a061a is at begin+179 in a stub
StubRoutines::call_stub [0x00000000030a0567, 0x00000000030a06cb[ (356 bytes)
RBX=0x0000000017b6ee60 is an unknown value
RCX=0x0000000017b6ee60 is an unknown value
RDX=0x0000000002fadd50 is an unknown value
RSP=0x0000000017b6ee10 is an unknown value
RBP=0x0000000000000000 is an unknown value
RSI=0x0000000000000016 is an unknown value
RDI=0x0000000067cf2598 is an unknown value
R8 =0x0000000000000000 is an unknown value
R9 =0x0000000000000000 is an unknown value
R10=0x0000000017b6eec0 is an unknown value
R11=0x000000001b0b9060 is pointing into the stack for thread: 0x00000000199a9000
R12=0x0000000000000000 is an unknown value
R13=0x0000000000000000 is an unknown value
R14=0x0000000000000000 is an unknown value
R15=0x0000000000000000 is an unknown value


Stack: [0x0000000017a70000,0x0000000017b70000],  sp=0x0000000017b6ee10,  free space=1019k
Native frames: (J=compiled Java code, j=interpreted, Vv=VM code, C=native code)


---------------  P R O C E S S  ---------------

Java Threads: ( => current thread )
  0x000000001903f800 JavaThread "Cache worker for journal cache (C:\Users\Almas\.gradle\caches\journal-1)" [_thread_blocked, id=11060, stack(0x000000001b5c0000,0x000000001b6c0000)]
  0x000000001903e800 JavaThread "File lock request listener" [_thread_in_native, id=4624, stack(0x000000001b4c0000,0x000000001b5c0000)]
  0x0000000019a07800 JavaThread "Cache worker for file hash cache (C:\Users\Almas\.gradle\caches\5.4.1\fileHashes)" [_thread_blocked, id=11528, stack(0x000000001b3c0000,0x000000001b4c0000)]
  0x0000000019caf800 JavaThread "Thread-9" [_thread_blocked, id=11564, stack(0x000000001b2c0000,0x000000001b3c0000)]
  0x0000000019cb8000 JavaThread "Stdin handler" [_thread_blocked, id=6632, stack(0x000000001b1c0000,0x000000001b2c0000)]
  0x00000000186cc000 JavaThread "Asynchronous log dispatcher for DefaultDaemonConnection: socket connection from /127.0.0.1:50527 to /127.0.0.1:50528" [_thread_blocked, id=10192, stack(0x000000001b0c0000,0x000000001b1c0000)]
  0x00000000199a9000 JavaThread "Daemon worker" [_thread_in_native, id=7704, stack(0x000000001afc0000,0x000000001b0c0000)]
  0x00000000199b6000 JavaThread "Cancel handler" [_thread_blocked, id=8780, stack(0x000000001aec0000,0x000000001afc0000)]
  0x00000000196f6000 JavaThread "Handler for socket connection from /127.0.0.1:50527 to /127.0.0.1:50528" [_thread_in_native, id=2756, stack(0x000000001abc0000,0x000000001acc0000)]
  0x00000000186e0000 JavaThread "Daemon" [_thread_blocked, id=3780, stack(0x000000001aac0000,0x000000001abc0000)]
  0x00000000186dd800 JavaThread "Daemon periodic checks" [_thread_blocked, id=12116, stack(0x000000001a9c0000,0x000000001aac0000)]
  0x0000000018f7a800 JavaThread "Incoming local TCP Connector on port 50527" [_thread_in_native, id=13128, stack(0x000000001a780000,0x000000001a880000)]
  0x0000000019d93000 JavaThread "Daemon health stats" [_thread_blocked, id=12216, stack(0x000000001a140000,0x000000001a240000)]
  0x0000000018390800 JavaThread "Service Thread" daemon [_thread_blocked, id=12524, stack(0x0000000018770000,0x0000000018870000)]
  0x0000000016a17800 JavaThread "C1 CompilerThread2" daemon [_thread_blocked, id=2416, stack(0x0000000018270000,0x0000000018370000)]
  0x0000000016a0f800 JavaThread "C2 CompilerThread1" daemon [_thread_in_native, id=12764, stack(0x0000000018170000,0x0000000018270000)]
  0x0000000016a0c800 JavaThread "C2 CompilerThread0" daemon [_thread_in_native, id=10100, stack(0x0000000018070000,0x0000000018170000)]
  0x0000000016a0a800 JavaThread "Attach Listener" daemon [_thread_blocked, id=8752, stack(0x0000000017f70000,0x0000000018070000)]
  0x0000000016a09000 JavaThread "Signal Dispatcher" daemon [_thread_blocked, id=12808, stack(0x0000000017e70000,0x0000000017f70000)]
  0x000000000309c800 JavaThread "Finalizer" daemon [_thread_blocked, id=11068, stack(0x0000000017c70000,0x0000000017d70000)]
  0x00000000169f9000 JavaThread "Reference Handler" daemon [_thread_blocked, id=11424, stack(0x0000000017b70000,0x0000000017c70000)]
  0x0000000002e0d800 JavaThread "main" [_thread_blocked, id=12844, stack(0x0000000002ea0000,0x0000000002fa0000)]

Other Threads:
=>0x00000000169d6800 VMThread [stack: 0x0000000017a70000,0x0000000017b70000] [id=8536]
  0x0000000016a6c000 WatcherThread [stack: 0x0000000018870000,0x0000000018970000] [id=2604]

VM state:at safepoint (normal execution)

VM Mutex/Monitor currently owned by a thread:  ([mutex/lock_event])
[0x0000000002e0cd80] Safepoint_lock - owner thread: 0x00000000169d6800
[0x0000000002e0d100] Threads_lock - owner thread: 0x00000000169d6800

heap address: 0x00000000a0000000, size: 1536 MB, Compressed Oops mode: 32-bit
Narrow klass base: 0x0000000000000000, Narrow klass shift: 3
Compressed class space size: 1073741824 Address: 0x0000000100000000

Heap:
 PSYoungGen      total 38400K, used 12298K [0x00000000e0000000, 0x00000000e4b00000, 0x0000000100000000)
  eden space 33280K, 21% used [0x00000000e0000000,0x00000000e0702988,0x00000000e2080000)
  from space 5120K, 100% used [0x00000000e2580000,0x00000000e2a80000,0x00000000e2a80000)
  to   space 5120K, 0% used [0x00000000e2080000,0x00000000e2080000,0x00000000e2580000)
 ParOldGen       total 87552K, used 5055K [0x00000000a0000000, 0x00000000a5580000, 0x00000000e0000000)
  object space 87552K, 5% used [0x00000000a0000000,0x00000000a04eff28,0x00000000a5580000)
 Metaspace       used 16667K, capacity 17024K, committed 17152K, reserved 1064960K
  class space    used 2395K, capacity 2552K, committed 2560K, reserved 1048576K

Card table byte_map: [0x0000000012460000,0x0000000012770000] byte_map_base: 0x0000000011f60000

Marking Bits: (ParMarkBitMap*) 0x0000000067d49f30
 Begin Bits: [0x0000000012d70000, 0x0000000014570000)
 End Bits:   [0x0000000014570000, 0x0000000015d70000)

Polling page: 0x0000000002e10000

CodeCache: size=245760Kb used=5182Kb max_used=5182Kb free=240577Kb
 bounds [0x00000000030a0000, 0x00000000035c0000, 0x00000000120a0000]
 total_blobs=1901 nmethods=1503 adapters=311
 compilation: enabled

Compilation events (10 events):
Event: 3.348 Thread 0x0000000016a17800 1508       3       java.io.WinNTFileSystem::parentOrNull (171 bytes)
Event: 3.349 Thread 0x0000000016a17800 nmethod 1508 0x00000000035aeb90 code [0x00000000035aedc0, 0x00000000035afb38]
Event: 3.374 Thread 0x0000000016a17800 1509       3       org.gradle.internal.service.DefaultServiceRegistry$ManagedObjectServiceProvider::requiredBy (20 bytes)
Event: 3.374 Thread 0x0000000016a17800 nmethod 1509 0x00000000035b0050 code [0x00000000035b01e0, 0x00000000035b0708]
Event: 3.374 Thread 0x0000000016a17800 1510       3       org.gradle.internal.service.DefaultServiceRegistry$ManagedObjectServiceProvider::fromSameRegistry (27 bytes)
Event: 3.374 Thread 0x0000000016a17800 nmethod 1510 0x00000000035b0850 code [0x00000000035b09c0, 0x00000000035b0d90]
Event: 3.375 Thread 0x0000000016a17800 1511       3       org.gradle.internal.service.DefaultServiceRegistry$ParentServices::getService (11 bytes)
Event: 3.375 Thread 0x0000000016a17800 nmethod 1511 0x00000000035b0e50 code [0x00000000035b0fc0, 0x00000000035b11e8]
Event: 3.404 Thread 0x0000000016a17800 1512       3       java.util.concurrent.locks.ReentrantLock$Sync::tryRelease (45 bytes)
Event: 3.405 Thread 0x0000000016a17800 nmethod 1512 0x00000000035b12d0 code [0x00000000035b1460, 0x00000000035b1a08]

GC Heap History (8 events):
Event: 1.022 GC heap before
{Heap before GC invocations=1 (full 0):
 PSYoungGen      total 38400K, used 33280K [0x00000000e0000000, 0x00000000e2a80000, 0x0000000100000000)
  eden space 33280K, 100% used [0x00000000e0000000,0x00000000e2080000,0x00000000e2080000)
  from space 5120K, 0% used [0x00000000e2580000,0x00000000e2580000,0x00000000e2a80000)
  to   space 5120K, 0% used [0x00000000e2080000,0x00000000e2080000,0x00000000e2580000)
 ParOldGen       total 87552K, used 0K [0x00000000a0000000, 0x00000000a5580000, 0x00000000e0000000)
  object space 87552K, 0% used [0x00000000a0000000,0x00000000a0000000,0x00000000a5580000)
 Metaspace       used 6636K, capacity 6784K, committed 7040K, reserved 1056768K
  class space    used 811K, capacity 844K, committed 896K, reserved 1048576K
Event: 1.028 GC heap after
Heap after GC invocations=1 (full 0):
 PSYoungGen      total 38400K, used 4107K [0x00000000e0000000, 0x00000000e2a80000, 0x0000000100000000)
  eden space 33280K, 0% used [0x00000000e0000000,0x00000000e0000000,0x00000000e2080000)
  from space 5120K, 80% used [0x00000000e2080000,0x00000000e2482f28,0x00000000e2580000)
  to   space 5120K, 0% used [0x00000000e2580000,0x00000000e2580000,0x00000000e2a80000)
 ParOldGen       total 87552K, used 8K [0x00000000a0000000, 0x00000000a5580000, 0x00000000e0000000)
  object space 87552K, 0% used [0x00000000a0000000,0x00000000a0002000,0x00000000a5580000)
 Metaspace       used 6636K, capacity 6784K, committed 7040K, reserved 1056768K
  class space    used 811K, capacity 844K, committed 896K, reserved 1048576K
}
Event: 1.566 GC heap before
{Heap before GC invocations=2 (full 0):
 PSYoungGen      total 38400K, used 37387K [0x00000000e0000000, 0x00000000e2a80000, 0x0000000100000000)
  eden space 33280K, 100% used [0x00000000e0000000,0x00000000e2080000,0x00000000e2080000)
  from space 5120K, 80% used [0x00000000e2080000,0x00000000e2482f28,0x00000000e2580000)
  to   space 5120K, 0% used [0x00000000e2580000,0x00000000e2580000,0x00000000e2a80000)
 ParOldGen       total 87552K, used 8K [0x00000000a0000000, 0x00000000a5580000, 0x00000000e0000000)
  object space 87552K, 0% used [0x00000000a0000000,0x00000000a0002000,0x00000000a5580000)
 Metaspace       used 8959K, capacity 9188K, committed 9216K, reserved 1056768K
  class space    used 1171K, capacity 1258K, committed 1280K, reserved 1048576K
Event: 1.572 GC heap after
Heap after GC invocations=2 (full 0):
 PSYoungGen      total 38400K, used 4481K [0x00000000e0000000, 0x00000000e2a80000, 0x0000000100000000)
  eden space 33280K, 0% used [0x00000000e0000000,0x00000000e0000000,0x00000000e2080000)
  from space 5120K, 87% used [0x00000000e2580000,0x00000000e29e05a8,0x00000000e2a80000)
  to   space 5120K, 0% used [0x00000000e2080000,0x00000000e2080000,0x00000000e2580000)
 ParOldGen       total 87552K, used 16K [0x00000000a0000000, 0x00000000a5580000, 0x00000000e0000000)
  object space 87552K, 0% used [0x00000000a0000000,0x00000000a0004000,0x00000000a5580000)
 Metaspace       used 8959K, capacity 9188K, committed 9216K, reserved 1056768K
  class space    used 1171K, capacity 1258K, committed 1280K, reserved 1048576K
}
Event: 2.636 GC heap before
{Heap before GC invocations=3 (full 0):
 PSYoungGen      total 38400K, used 37761K [0x00000000e0000000, 0x00000000e2a80000, 0x0000000100000000)
  eden space 33280K, 100% used [0x00000000e0000000,0x00000000e2080000,0x00000000e2080000)
  from space 5120K, 87% used [0x00000000e2580000,0x00000000e29e05a8,0x00000000e2a80000)
  to   space 5120K, 0% used [0x00000000e2080000,0x00000000e2080000,0x00000000e2580000)
 ParOldGen       total 87552K, used 16K [0x00000000a0000000, 0x00000000a5580000, 0x00000000e0000000)
  object space 87552K, 0% used [0x00000000a0000000,0x00000000a0004000,0x00000000a5580000)
 Metaspace       used 13371K, capacity 13712K, committed 13824K, reserved 1060864K
  class space    used 1850K, capacity 1998K, committed 2048K, reserved 1048576K
Event: 2.646 GC heap after
Heap after GC invocations=3 (full 0):
 PSYoungGen      total 38400K, used 5098K [0x00000000e0000000, 0x00000000e2a80000, 0x0000000100000000)
  eden space 33280K, 0% used [0x00000000e0000000,0x00000000e0000000,0x00000000e2080000)
  from space 5120K, 99% used [0x00000000e2080000,0x00000000e257a9c0,0x00000000e2580000)
  to   space 5120K, 0% used [0x00000000e2580000,0x00000000e2580000,0x00000000e2a80000)
 ParOldGen       total 87552K, used 1914K [0x00000000a0000000, 0x00000000a5580000, 0x00000000e0000000)
  object space 87552K, 2% used [0x00000000a0000000,0x00000000a01de9f0,0x00000000a5580000)
 Metaspace       used 13371K, capacity 13712K, committed 13824K, reserved 1060864K
  class space    used 1850K, capacity 1998K, committed 2048K, reserved 1048576K
}
Event: 3.246 GC heap before
{Heap before GC invocations=4 (full 0):
 PSYoungGen      total 38400K, used 38378K [0x00000000e0000000, 0x00000000e2a80000, 0x0000000100000000)
  eden space 33280K, 100% used [0x00000000e0000000,0x00000000e2080000,0x00000000e2080000)
  from space 5120K, 99% used [0x00000000e2080000,0x00000000e257a9c0,0x00000000e2580000)
  to   space 5120K, 0% used [0x00000000e2580000,0x00000000e2580000,0x00000000e2a80000)
 ParOldGen       total 87552K, used 1914K [0x00000000a0000000, 0x00000000a5580000, 0x00000000e0000000)
  object space 87552K, 2% used [0x00000000a0000000,0x00000000a01de9f0,0x00000000a5580000)
 Metaspace       used 16262K, capacity 16672K, committed 16896K, reserved 1062912K
  class space    used 2312K, capacity 2456K, committed 2560K, reserved 1048576K
Event: 3.266 GC heap after
Heap after GC invocations=4 (full 0):
 PSYoungGen      total 38400K, used 5120K [0x00000000e0000000, 0x00000000e4b00000, 0x0000000100000000)
  eden space 33280K, 0% used [0x00000000e0000000,0x00000000e0000000,0x00000000e2080000)
  from space 5120K, 100% used [0x00000000e2580000,0x00000000e2a80000,0x00000000e2a80000)
  to   space 5120K, 0% used [0x00000000e2080000,0x00000000e2080000,0x00000000e2580000)
 ParOldGen       total 87552K, used 5055K [0x00000000a0000000, 0x00000000a5580000, 0x00000000e0000000)
  object space 87552K, 5% used [0x00000000a0000000,0x00000000a04eff28,0x00000000a5580000)
 Metaspace       used 16262K, capacity 16672K, committed 16896K, reserved 1062912K
  class space    used 2312K, capacity 2456K, committed 2560K, reserved 1048576K
}

Deoptimization events (10 events):
Event: 2.323 Thread 0x00000000196f6000 Uncommon trap: reason=unstable_if action=reinterpret pc=0x000000000344cf30 method=java.util.concurrent.ConcurrentHashMap.putVal(Ljava/lang/Object;Ljava/lang/Object;Z)Ljava/lang/Object; @ 206
Event: 2.405 Thread 0x00000000199a9000 Uncommon trap: reason=bimorphic action=maybe_recompile pc=0x0000000003332128 method=java.util.HashMap.putVal(ILjava/lang/Object;Ljava/lang/Object;ZZ)Ljava/lang/Object; @ 253
Event: 2.405 Thread 0x00000000199a9000 Uncommon trap: reason=bimorphic action=maybe_recompile pc=0x0000000003332128 method=java.util.HashMap.putVal(ILjava/lang/Object;Ljava/lang/Object;ZZ)Ljava/lang/Object; @ 253
Event: 2.405 Thread 0x00000000199a9000 Uncommon trap: reason=bimorphic action=maybe_recompile pc=0x0000000003332128 method=java.util.HashMap.putVal(ILjava/lang/Object;Ljava/lang/Object;ZZ)Ljava/lang/Object; @ 253
Event: 2.405 Thread 0x00000000199a9000 Uncommon trap: reason=bimorphic action=maybe_recompile pc=0x00000000033283e0 method=java.util.HashMap.putVal(ILjava/lang/Object;Ljava/lang/Object;ZZ)Ljava/lang/Object; @ 253
Event: 2.631 Thread 0x00000000199a9000 Uncommon trap: reason=class_check action=maybe_recompile pc=0x0000000003369418 method=java.util.regex.Matcher.match(II)Z @ 86
Event: 2.657 Thread 0x00000000199a9000 Uncommon trap: reason=class_check action=maybe_recompile pc=0x0000000003369418 method=java.util.regex.Matcher.match(II)Z @ 86
Event: 2.657 Thread 0x00000000199a9000 Uncommon trap: reason=class_check action=maybe_recompile pc=0x0000000003369418 method=java.util.regex.Matcher.match(II)Z @ 86
Event: 2.657 Thread 0x00000000199a9000 Uncommon trap: reason=class_check action=maybe_recompile pc=0x00000000033247dc method=java.util.regex.Matcher.match(II)Z @ 86
Event: 2.991 Thread 0x00000000199a9000 Uncommon trap: reason=unstable_if action=reinterpret pc=0x0000000003443374 method=java.lang.String.lastIndexOf([CII[CIII)I @ 66

Classes redefined (0 events):
No events

Internal exceptions (10 events):
Event: 2.327 Thread 0x00000000196f6000 Exception <a 'java/lang/NoSuchMethodError': <clinit>> (0x00000000e09cbdc0) thrown at [D:\src\AOSP-openjdk-cygwin\jdk8u\hotspot\src\share\vm\prims\jni.cpp, line 1614]
Event: 2.330 Thread 0x00000000196f6000 Exception <a 'java/lang/NoSuchMethodError': <clinit>> (0x00000000e09df448) thrown at [D:\src\AOSP-openjdk-cygwin\jdk8u\hotspot\src\share\vm\prims\jni.cpp, line 1614]
Event: 2.334 Thread 0x00000000196f6000 Exception <a 'java/lang/NoSuchMethodError': <clinit>> (0x00000000e0a06878) thrown at [D:\src\AOSP-openjdk-cygwin\jdk8u\hotspot\src\share\vm\prims\jni.cpp, line 1614]
Event: 2.337 Thread 0x00000000196f6000 Exception <a 'java/lang/NoSuchMethodError': <clinit>> (0x00000000e0a1e8c0) thrown at [D:\src\AOSP-openjdk-cygwin\jdk8u\hotspot\src\share\vm\prims\jni.cpp, line 1614]
Event: 2.338 Thread 0x00000000196f6000 Exception <a 'java/lang/NoSuchMethodError': <clinit>> (0x00000000e0a27550) thrown at [D:\src\AOSP-openjdk-cygwin\jdk8u\hotspot\src\share\vm\prims\jni.cpp, line 1614]
Event: 2.341 Thread 0x00000000196f6000 Exception <a 'java/lang/NoSuchMethodError': <clinit>> (0x00000000e0a3dbf8) thrown at [D:\src\AOSP-openjdk-cygwin\jdk8u\hotspot\src\share\vm\prims\jni.cpp, line 1614]
Event: 2.351 Thread 0x00000000196f6000 Exception <a 'java/lang/NoSuchMethodError': <clinit>> (0x00000000e0a9e490) thrown at [D:\src\AOSP-openjdk-cygwin\jdk8u\hotspot\src\share\vm\prims\jni.cpp, line 1614]
Event: 2.357 Thread 0x00000000196f6000 Exception <a 'java/lang/NoSuchMethodError': <clinit>> (0x00000000e0acb190) thrown at [D:\src\AOSP-openjdk-cygwin\jdk8u\hotspot\src\share\vm\prims\jni.cpp, line 1614]
Event: 2.364 Thread 0x00000000196f6000 Exception <a 'java/lang/NoSuchMethodError': <clinit>> (0x00000000e0af9620) thrown at [D:\src\AOSP-openjdk-cygwin\jdk8u\hotspot\src\share\vm\prims\jni.cpp, line 1614]
Event: 2.365 Thread 0x00000000196f6000 Exception <a 'java/lang/NoSuchMethodError': <clinit>> (0x00000000e0b04920) thrown at [D:\src\AOSP-openjdk-cygwin\jdk8u\hotspot\src\share\vm\prims\jni.cpp, line 1614]

Events (10 events):
Event: 3.373 loading class org/gradle/internal/resource/TextResource
Event: 3.373 loading class org/gradle/internal/resource/TextResource done
Event: 3.374 loading class org/gradle/initialization/layout/BuildLayoutConfiguration
Event: 3.374 loading class org/gradle/initialization/layout/BuildLayoutConfiguration done
Event: 3.374 loading class org/gradle/internal/scripts/DefaultScriptFileResolver
Event: 3.374 loading class org/gradle/internal/scripts/DefaultScriptFileResolver done
Event: 3.375 loading class org/gradle/internal/scripts/ScriptFileResolver
Event: 3.375 loading class org/gradle/internal/scripts/ScriptFileResolver done
Event: 3.375 loading class org/gradle/internal/scripts/ScriptingLanguages
Event: 3.375 loading class org/gradle/internal/scripts/ScriptingLanguages done


Dynamic libraries:
0x00007ff7dad60000 - 0x00007ff7dad91000 	C:\Program Files\Android\Android Studio\jre\bin\java.exe
0x00007ffd27520000 - 0x00007ffd2770d000 	C:\Windows\SYSTEM32\ntdll.dll
0x00007ffd24d40000 - 0x00007ffd24df3000 	C:\Windows\System32\KERNEL32.DLL
0x00007ffd237c0000 - 0x00007ffd23a53000 	C:\Windows\System32\KERNELBASE.dll
0x00007ffd25340000 - 0x00007ffd253e3000 	C:\Windows\System32\ADVAPI32.dll
0x00007ffd24ef0000 - 0x00007ffd24f8e000 	C:\Windows\System32\msvcrt.dll
0x00007ffd27320000 - 0x00007ffd273be000 	C:\Windows\System32\sechost.dll
0x00007ffd273c0000 - 0x00007ffd274e2000 	C:\Windows\System32\RPCRT4.dll
0x00007ffd25070000 - 0x00007ffd25207000 	C:\Windows\System32\USER32.dll
0x00007ffd23c30000 - 0x00007ffd23c50000 	C:\Windows\System32\win32u.dll
0x00007ffd24f90000 - 0x00007ffd24fb9000 	C:\Windows\System32\GDI32.dll
0x00007ffd23a90000 - 0x00007ffd23c29000 	C:\Windows\System32\gdi32full.dll
0x00007ffd23c50000 - 0x00007ffd23cf0000 	C:\Windows\System32\msvcp_win.dll
0x00007ffd236c0000 - 0x00007ffd237ba000 	C:\Windows\System32\ucrtbase.dll
0x00007ffd16020000 - 0x00007ffd16299000 	C:\Windows\WinSxS\amd64_microsoft.windows.common-controls_6595b64144ccf1df_6.0.17763.678_none_05b74150071d72bf\COMCTL32.dll
0x00007ffd24780000 - 0x00007ffd24aac000 	C:\Windows\System32\combase.dll
0x00007ffd23da0000 - 0x00007ffd23e1e000 	C:\Windows\System32\bcryptPrimitives.dll
0x00007ffd24750000 - 0x00007ffd2477e000 	C:\Windows\System32\IMM32.DLL
0x0000000067390000 - 0x0000000067462000 	C:\Program Files\Android\Android Studio\jre\jre\bin\msvcr100.dll
0x0000000067580000 - 0x0000000067dc6000 	C:\Program Files\Android\Android Studio\jre\jre\bin\server\jvm.dll
0x00007ffd26e80000 - 0x00007ffd26e88000 	C:\Windows\System32\PSAPI.DLL
0x00007ffd21580000 - 0x00007ffd215a4000 	C:\Windows\SYSTEM32\WINMM.dll
0x00007ffd215f0000 - 0x00007ffd215f9000 	C:\Windows\SYSTEM32\WSOCK32.dll
0x00007ffd12fe0000 - 0x00007ffd12fea000 	C:\Windows\SYSTEM32\VERSION.dll
0x00007ffd253f0000 - 0x00007ffd2545d000 	C:\Windows\System32\WS2_32.dll
0x00007ffd21550000 - 0x00007ffd2157d000 	C:\Windows\SYSTEM32\winmmbase.dll
0x00007ffd23670000 - 0x00007ffd236ba000 	C:\Windows\System32\cfgmgr32.dll
0x00007ffd203a0000 - 0x00007ffd203af000 	C:\Program Files\Android\Android Studio\jre\jre\bin\verify.dll
0x00007ffd20370000 - 0x00007ffd20399000 	C:\Program Files\Android\Android Studio\jre\jre\bin\java.dll
0x00007ffd20350000 - 0x00007ffd20366000 	C:\Program Files\Android\Android Studio\jre\jre\bin\zip.dll
0x00007ffd25510000 - 0x00007ffd26a00000 	C:\Windows\System32\SHELL32.dll
0x00007ffd25460000 - 0x00007ffd25508000 	C:\Windows\System32\shcore.dll
0x00007ffd24000000 - 0x00007ffd2474a000 	C:\Windows\System32\windows.storage.dll
0x00007ffd235c0000 - 0x00007ffd235e4000 	C:\Windows\System32\profapi.dll
0x00007ffd23520000 - 0x00007ffd2357d000 	C:\Windows\System32\powrprof.dll
0x00007ffd272c0000 - 0x00007ffd27312000 	C:\Windows\System32\shlwapi.dll
0x00007ffd23580000 - 0x00007ffd23591000 	C:\Windows\System32\kernel.appcore.dll
0x00007ffd23650000 - 0x00007ffd23667000 	C:\Windows\System32\cryptsp.dll
0x00007ffd20330000 - 0x00007ffd2034a000 	C:\Program Files\Android\Android Studio\jre\jre\bin\net.dll
0x00007ffd22d90000 - 0x00007ffd22df7000 	C:\Windows\system32\mswsock.dll
0x00007ffd20310000 - 0x00007ffd20321000 	C:\Program Files\Android\Android Studio\jre\jre\bin\nio.dll
0x00007ffd203c0000 - 0x00007ffd203e6000 	C:\Users\Almas\.gradle\native\29\windows-amd64\native-platform.dll
0x00007ffd20300000 - 0x00007ffd2030d000 	C:\Program Files\Android\Android Studio\jre\jre\bin\management.dll
0x00007ffd22910000 - 0x00007ffd22943000 	C:\Windows\system32\rsaenh.dll
0x00007ffd23a60000 - 0x00007ffd23a86000 	C:\Windows\System32\bcrypt.dll
0x00007ffd23450000 - 0x00007ffd23478000 	C:\Windows\SYSTEM32\USERENV.dll
0x00007ffd22f60000 - 0x00007ffd22f6c000 	C:\Windows\SYSTEM32\CRYPTBASE.dll
0x00007ffd22ab0000 - 0x00007ffd22aed000 	C:\Windows\SYSTEM32\IPHLPAPI.DLL
0x00007ffd272a0000 - 0x00007ffd272a8000 	C:\Windows\System32\NSI.dll
0x00007ffd1d7c0000 - 0x00007ffd1d7d6000 	C:\Windows\SYSTEM32\dhcpcsvc6.DLL
0x00007ffd1d600000 - 0x00007ffd1d61c000 	C:\Windows\SYSTEM32\dhcpcsvc.DLL
0x00007ffd22af0000 - 0x00007ffd22bb6000 	C:\Windows\SYSTEM32\DNSAPI.dll
0x00007ffd149a0000 - 0x00007ffd14b8d000 	C:\Windows\SYSTEM32\dbghelp.dll

VM Arguments:
jvm_args: -Xmx1536m -Dfile.encoding=windows-1252 -Duser.country=US -Duser.language=en -Duser.variant 
java_command: org.gradle.launcher.daemon.bootstrap.GradleDaemon 5.4.1
java_class_path (initial): C:\Users\Almas\.gradle\wrapper\dists\gradle-5.4.1-all\3221gyojl5jsh0helicew7rwx\gradle-5.4.1\lib\gradle-launcher-5.4.1.jar
Launcher Type: SUN_STANDARD

Environment Variables:
PATH=C:\Program Files (x86)\Common Files\Oracle\Java\javapath;C:\Windows\system32;C:\Windows;C:\Windows\System32\Wbem;C:\Windows\System32\WindowsPowerShell\v1.0\;C:\Windows\System32\OpenSSH\;C:\Program Files\Git\cmd;C:\Users\Almas\AppData\Local\Microsoft\WindowsApps
USERNAME=Almas
OS=Windows_NT
PROCESSOR_IDENTIFIER=Intel64 Family 6 Model 61 Stepping 4, GenuineIntel



---------------  S Y S T E M  ---------------

OS: Windows 10.0 , 64 bit Build 17763 (10.0.17763.475)

CPU:total 4 (initial active 4) (2 cores per cpu, 2 threads per core) family 6 model 61 stepping 4, cmov, cx8, fxsr, mmx, sse, sse2, sse3, ssse3, sse4.1, sse4.2, popcnt, avx, avx2, aes, clmul, erms, 3dnowpref, lzcnt, ht, tsc, tscinvbit, bmi1, bmi2, adx

Memory: 4k page, physical 8301976k(3023100k free), swap 10268056k(3888348k free)

vm_info: OpenJDK 64-Bit Server VM (25.202-b03) for windows-amd64 JRE (1.8.0_202-release-1483-b03), built by "builder" with MS VC++ 10.0 (VS2010)

time: Sun Sep 08 09:02:52 2019
timezone: Bangladesh Standard Time
elapsed time: 5 seconds (0d 0h 0m 5s)

